#
# There is insufficient memory for the Java Runtime Environment to continue.
# Native memory allocation (mmap) failed to map 67108864 bytes for G1 virtual space
# Possible reasons:
#   The system is out of physical RAM or swap space
#   The process is running with CompressedOops enabled, and the Java Heap may be blocking the growth of the native heap
# Possible solutions:
#   Reduce memory load on the system
#   Increase physical memory or swap space
#   Check if swap backing store is full
#   Decrease Java heap size (-Xmx/-Xms)
#   Decrease number of Java threads
#   Decrease Java thread stack sizes (-Xss)
#   Set larger code cache with -XX:ReservedCodeCacheSize=
#   JVM is running with Unscaled Compressed Oops mode in which the Java heap is
#     placed in the first 4GB address space. The Java Heap base address is the
#     maximum limit for the native heap growth. Please use -XX:HeapBaseMinAddress
#     to set the Java Heap base and to place the Java Heap above 4GB virtual address.
# This output file may be truncated or incomplete.
#
#  Out of Memory Error (os_windows.cpp:3604), pid=8260, tid=13164
#
# JRE version:  (21.0.10+8) (build )
# Java VM: Java HotSpot(TM) 64-Bit Server VM (21.0.10+8-LTS-217, mixed mode, sharing, tiered, compressed oops, compressed class ptrs, g1 gc, windows-amd64)
# No core dump will be written. Minidumps are not enabled by default on client versions of Windows
#

---------------  S U M M A R Y ------------

Command Line: -Xmx64m -Xms64m -Dorg.gradle.appname=gradlew D:\Phong\AutomationTest\MusicDownloader_Flutter-V2\\gradle\wrapper\gradle-wrapper.jar test -Psuite=_sl_tmp

Host: 11th Gen Intel(R) Core(TM) i5-1135G7 @ 2.40GHz, 8 cores, 7G,  Windows 11 , 64 bit Build 22621 (10.0.22621.5415)
Time: Wed Jul  1 08:42:03 2026 SE Asia Standard Time elapsed time: 0.017782 seconds (0d 0h 0m 0s)

---------------  T H R E A D  ---------------

Current thread (0x0000027b45aa5d10):  JavaThread "Unknown thread" [_thread_in_vm, id=13164, stack(0x000000b95a800000,0x000000b95a900000) (1024K)]

Stack: [0x000000b95a800000,0x000000b95a900000]
Native frames: (J=compiled Java code, j=interpreted, Vv=VM code, C=native code)
V  [jvm.dll+0x6d0b59]
V  [jvm.dll+0x85fd56]
V  [jvm.dll+0x86224e]
V  [jvm.dll+0x862923]
V  [jvm.dll+0x282a16]
V  [jvm.dll+0x6cd405]
V  [jvm.dll+0x6c1f8a]
V  [jvm.dll+0x35bcc8]
V  [jvm.dll+0x363986]
V  [jvm.dll+0x3b4a3e]
V  [jvm.dll+0x3b4ce8]
V  [jvm.dll+0x32f98c]
V  [jvm.dll+0x3304db]
V  [jvm.dll+0x829d3e]
V  [jvm.dll+0x3c19d1]
V  [jvm.dll+0x812c0a]
V  [jvm.dll+0x4543d1]
V  [jvm.dll+0x455e21]
C  [jli.dll+0x5310]
C  [ucrtbase.dll+0x29333]
C  [KERNEL32.DLL+0x1259d]
C  [ntdll.dll+0x5af78]


---------------  P R O C E S S  ---------------

Threads class SMR info:
_java_thread_list=0x00007ffe1db68c88, length=0, elements={
}

Java Threads: ( => current thread )
Total: 0

Other Threads:
  0x0000027b47e09000 WorkerThread "GC Thread#0"                     [id=13960, stack(0x000000b95a900000,0x000000b95aa00000) (1024K)]
  0x0000027b47e0c1c0 ConcurrentGCThread "G1 Main Marker"            [id=14108, stack(0x000000b95aa00000,0x000000b95ab00000) (1024K)]
  0x0000027b47e0e480 WorkerThread "G1 Conc#0"                       [id=5780, stack(0x000000b95ab00000,0x000000b95ac00000) (1024K)]

[error occurred during error reporting (printing all threads), id 0xc0000005, EXCEPTION_ACCESS_VIOLATION (0xc0000005) at pc=0x00007ffe1d2d2447]
VM state: not at safepoint (not fully initialized)

VM Mutex/Monitor currently owned by a thread:  ([mutex/lock_event])
[0x00007ffe1dbda010] Heap_lock - owner thread: 0x0000027b45aa5d10

Heap address: 0x00000000fc000000, size: 64 MB, Compressed Oops mode: 32-bit

CDS archive(s) mapped at: [0x0000000000000000-0x0000000000000000-0x0000000000000000), size 0, SharedBaseAddress: 0x0000000800000000, ArchiveRelocationMode: 1.
Narrow klass base: 0x0000000000000000, Narrow klass shift: 0, Narrow klass range: 0x0

GC Precious Log:
 CardTable entry size: 512
 Card Set container configuration: InlinePtr #cards 5 size 8 Array Of Cards #cards 12 size 40 Howl #buckets 4 coarsen threshold 1843 Howl Bitmap #cards 512 size 80 coarsen threshold 460 Card regions per heap region 1 cards per card region 2048

Heap:
 garbage-first heap   total 0K, used 0K [0x00000000fc000000, 0x0000000100000000)
  region size 1024K, 0 young (0K), 0 survivors (0K)

[error occurred during error reporting (printing heap information), id 0xc0000005, EXCEPTION_ACCESS_VIOLATION (0xc0000005) at pc=0x00007ffe1d6bac39]
GC Heap History (0 events):
No events

Dll operation events (1 events):
Event: 0.011 Loaded shared library C:\Program Files\Java\jdk-21.0.10\bin\java.dll

Deoptimization events (0 events):
No events

Classes loaded (0 events):
No events

Classes unloaded (0 events):
No events

Classes redefined (0 events):
No events

Internal exceptions (0 events):
No events

ZGC Phase Switch (0 events):
No events

VM Operations (0 events):
No events

Events (0 events):
No events


Dynamic libraries:
0x00007ff767cb0000 - 0x00007ff767cc0000 	C:\Program Files\Java\jdk-21.0.10\bin\java.exe
0x00007ffed5230000 - 0x00007ffed5448000 	C:\WINDOWS\SYSTEM32\ntdll.dll
0x00007ffed4560000 - 0x00007ffed4624000 	C:\WINDOWS\System32\KERNEL32.DLL
0x00007ffed2ac0000 - 0x00007ffed2e93000 	C:\WINDOWS\System32\KERNELBASE.dll
0x00007ffed2340000 - 0x00007ffed2451000 	C:\WINDOWS\System32\ucrtbase.dll
0x00007ffec3fa0000 - 0x00007ffec3fbe000 	C:\Program Files\Java\jdk-21.0.10\bin\VCRUNTIME140.dll
0x00007ffeae9f0000 - 0x00007ffeaea09000 	C:\Program Files\Java\jdk-21.0.10\bin\jli.dll
0x00007ffed32f0000 - 0x00007ffed33a1000 	C:\WINDOWS\System32\ADVAPI32.dll
0x00007ffed50d0000 - 0x00007ffed5177000 	C:\WINDOWS\System32\msvcrt.dll
0x00007ffed4270000 - 0x00007ffed4318000 	C:\WINDOWS\System32\sechost.dll
0x00007ffed2ea0000 - 0x00007ffed2ec8000 	C:\WINDOWS\System32\bcrypt.dll
0x00007ffed3650000 - 0x00007ffed3768000 	C:\WINDOWS\System32\RPCRT4.dll
0x00007ffed43a0000 - 0x00007ffed4552000 	C:\WINDOWS\System32\USER32.dll
0x00007ffed2640000 - 0x00007ffed2666000 	C:\WINDOWS\System32\win32u.dll
0x00007ffed33b0000 - 0x00007ffed33d9000 	C:\WINDOWS\System32\GDI32.dll
0x00007ffed29a0000 - 0x00007ffed2abb000 	C:\WINDOWS\System32\gdi32full.dll
0x00007ffed24e0000 - 0x00007ffed257a000 	C:\WINDOWS\System32\msvcp_win.dll
0x00007ffec30b0000 - 0x00007ffec334c000 	C:\WINDOWS\WinSxS\amd64_microsoft.windows.common-controls_6595b64144ccf1df_6.0.22621.6060_none_2712eda17382d24b\COMCTL32.dll
0x00007ffed1cd0000 - 0x00007ffed1cda000 	C:\WINDOWS\SYSTEM32\VERSION.dll
0x00007ffed4110000 - 0x00007ffed4141000 	C:\WINDOWS\System32\IMM32.DLL
0x00000000587e0000 - 0x00000000587ed000 	C:\Program Files (x86)\360\Total Security\safemon\SafeWrapper.dll
0x00007ffecaa00000 - 0x00007ffecab05000 	C:\Program Files (x86)\360\Total Security\safemon\libzdtp64.dll
0x00007ffed3770000 - 0x00007ffed400c000 	C:\WINDOWS\System32\SHELL32.dll
0x00007ffed2860000 - 0x00007ffed299f000 	C:\WINDOWS\System32\wintypes.dll
0x00007ffed2f50000 - 0x00007ffed32e1000 	C:\WINDOWS\System32\combase.dll
0x00007ffed4cf0000 - 0x00007ffed4d59000 	C:\WINDOWS\System32\SHLWAPI.dll
0x00007ffecc270000 - 0x00007ffecc27c000 	C:\Program Files\Java\jdk-21.0.10\bin\vcruntime140_1.dll
0x00007ffeae960000 - 0x00007ffeae9ed000 	C:\Program Files\Java\jdk-21.0.10\bin\msvcp140.dll
0x00007ffe1cf90000 - 0x00007ffe1dcb7000 	C:\Program Files\Java\jdk-21.0.10\bin\server\jvm.dll
0x00007ffed4c50000 - 0x00007ffed4cc1000 	C:\WINDOWS\System32\WS2_32.dll
0x00007ffed2220000 - 0x00007ffed226d000 	C:\WINDOWS\SYSTEM32\POWRPROF.dll
0x00007ffecc130000 - 0x00007ffecc164000 	C:\WINDOWS\SYSTEM32\WINMM.dll
0x00007ffed2200000 - 0x00007ffed2213000 	C:\WINDOWS\SYSTEM32\UMPDC.dll
0x00007ffed12b0000 - 0x00007ffed12c8000 	C:\WINDOWS\SYSTEM32\kernel.appcore.dll
0x00007ffec3f90000 - 0x00007ffec3f9a000 	C:\Program Files\Java\jdk-21.0.10\bin\jimage.dll
0x00007ffecb5b0000 - 0x00007ffecb7e3000 	C:\WINDOWS\SYSTEM32\DBGHELP.DLL
0x00007ffed4030000 - 0x00007ffed4108000 	C:\WINDOWS\System32\OLEAUT32.dll
0x00007ffeadfd0000 - 0x00007ffeae002000 	C:\WINDOWS\SYSTEM32\dbgcore.DLL
0x00007ffed27e0000 - 0x00007ffed285b000 	C:\WINDOWS\System32\bcryptPrimitives.dll
0x00007ffeae010000 - 0x00007ffeae031000 	C:\Program Files\Java\jdk-21.0.10\bin\java.dll

dbghelp: loaded successfully - version: 4.0.5 - missing functions: none
symbol engine: initialized successfully - sym options: 0x614 - pdb path: .;C:\Program Files\Java\jdk-21.0.10\bin;C:\WINDOWS\SYSTEM32;C:\WINDOWS\WinSxS\amd64_microsoft.windows.common-controls_6595b64144ccf1df_6.0.22621.6060_none_2712eda17382d24b;C:\Program Files (x86)\360\Total Security\safemon;C:\Program Files\Java\jdk-21.0.10\bin\server

VM Arguments:
jvm_args: -Xmx64m -Xms64m -Dorg.gradle.appname=gradlew 
java_command: D:\Phong\AutomationTest\MusicDownloader_Flutter-V2\\gradle\wrapper\gradle-wrapper.jar test -Psuite=_sl_tmp
java_class_path (initial): D:\Phong\AutomationTest\MusicDownloader_Flutter-V2\\gradle\wrapper\gradle-wrapper.jar
Launcher Type: SUN_STANDARD

[Global flags]
     intx CICompilerCount                          = 4                                         {product} {ergonomic}
     uint ConcGCThreads                            = 2                                         {product} {ergonomic}
     uint G1ConcRefinementThreads                  = 8                                         {product} {ergonomic}
   size_t G1HeapRegionSize                         = 1048576                                   {product} {ergonomic}
    uintx GCDrainStackTargetSize                   = 64                                        {product} {ergonomic}
   size_t InitialHeapSize                          = 67108864                                  {product} {command line}
   size_t MarkStackSize                            = 4194304                                   {product} {ergonomic}
   size_t MaxHeapSize                              = 67108864                                  {product} {command line}
   size_t MinHeapDeltaBytes                        = 1048576                                   {product} {ergonomic}
   size_t MinHeapSize                              = 67108864                                  {product} {command line}
    uintx NonNMethodCodeHeapSize                   = 5839372                                {pd product} {ergonomic}
    uintx NonProfiledCodeHeapSize                  = 122909434                              {pd product} {ergonomic}
    uintx ProfiledCodeHeapSize                     = 122909434                              {pd product} {ergonomic}
    uintx ReservedCodeCacheSize                    = 251658240                              {pd product} {ergonomic}
     bool SegmentedCodeCache                       = true                                      {product} {ergonomic}
   size_t SoftMaxHeapSize                          = 67108864                               {manageable} {ergonomic}
     bool UseCompressedOops                        = true                           {product lp64_product} {ergonomic}
     bool UseG1GC                                  = true                                      {product} {ergonomic}
     bool UseLargePagesIndividualAllocation        = false                                  {pd product} {ergonomic}

Logging:
Log output configuration:
 #0: stdout all=warning uptime,level,tags foldmultilines=false
 #1: stderr all=off uptime,level,tags foldmultilines=false

Environment Variables:
JAVA_HOME=C:\Program Files\Java\jdk-21.0.10
PATH=C:\Program Files\Java\jdk-21.0.10\bin;C:\Program Files\Common Files\Oracle\Java\javapath;C:\WINDOWS\system32;C:\WINDOWS;C:\WINDOWS\System32\Wbem;C:\WINDOWS\System32\WindowsPowerShell\v1.0\;C:\WINDOWS\System32\OpenSSH\;C:\php-8.3.12;C:\Program Files\Git\cmd;C:\Program Files\dotnet\;C:\Program Files\nodejs\;D:\Android\Sdk\platform-tools;D:\Android\Sdk\emulator;D:\Android\Sdk\cmdline-tools\latest\bin;;D:\Android\Sdk\platform-tools;D:\Android\Sdk\emulator;C:\Program Files\Java\jdk-21.0.10\bin;C:\Program Files\Common Files\Oracle\Java\javapath;C:\WINDOWS\system32;C:\WINDOWS;C:\WINDOWS\System32\Wbem;C:\WINDOWS\System32\WindowsPowerShell\v1.0\;C:\WINDOWS\System32\OpenSSH\;C:\php-8.3.12;C:\Program Files\Git\cmd;C:\Program Files\dotnet\;C:\Program Files\nodejs\;D:\Android\Sdk\platform-tools;D:\Android\Sdk\emulator;D:\Android\Sdk\cmdline-tools\latest\bin;;D:\Android\Sdk\platform-tools;D:\Android\Sdk\emulator;C:\Users\phong\AppData\Local\Programs\Python\Launcher\;C:\Users\phong\AppData\Local\Microsoft\WindowsApps;C:\Users\phong\AppData\Local\Programs\Microsoft VS Code\bin;C:\Users\phong\AppData\Roaming\npm;D:\npm-global
USERNAME=phong
OS=Windows_NT
PROCESSOR_IDENTIFIER=Intel64 Family 6 Model 140 Stepping 1, GenuineIntel
TMP=C:\Users\phong\AppData\Local\Temp
TEMP=C:\Users\phong\AppData\Local\Temp




Periodic native trim disabled

---------------  S Y S T E M  ---------------

OS:
 Windows 11 , 64 bit Build 22621 (10.0.22621.5415)
OS uptime: 0 days 17:33 hours

CPU: total 8 (initial active 8) (4 cores per cpu, 2 threads per core) family 6 model 140 stepping 1 microcode 0xbe, cx8, cmov, fxsr, ht, mmx, 3dnowpref, sse, sse2, sse3, ssse3, sse4.1, sse4.2, popcnt, lzcnt, tsc, tscinvbit, avx, avx2, aes, erms, clmul, bmi1, bmi2, adx, avx512f, avx512dq, avx512cd, avx512bw, avx512vl, sha, fma, vzeroupper, avx512_vpopcntdq, avx512_vpclmulqdq, avx512_vaes, avx512_vnni, clflush, clflushopt, clwb, avx512_vbmi2, avx512_vbmi, rdtscp, rdpid, fsrm, gfni, avx512_bitalg, f16c, pku, cet_ibt, cet_ss, avx512_ifma
Processor Information for all 8 processors :
  Max Mhz: 2419, Current Mhz: 2419, Mhz Limit: 2419

Memory: 4k page, system-wide physical 7914M (278M free)
TotalPageFile size 17220M (AvailPageFile size 69M)
current process WorkingSet (physical memory assigned to process): 12M, peak: 12M
current process commit charge ("private bytes"): 60M, peak: 123M

vm_info: Java HotSpot(TM) 64-Bit Server VM (21.0.10+8-LTS-217) for windows-amd64 JRE (21.0.10+8-LTS-217), built on 2025-12-18T14:59:28Z by "mach5run" with MS VC++ 17.13 (VS2022)

END.
