#
# There is insufficient memory for the Java Runtime Environment to continue.
# Native memory allocation (malloc) failed to allocate 2216816 bytes for Chunk::new
# Possible reasons:
#   The system is out of physical RAM or swap space
#   The process is running with CompressedOops enabled, and the Java Heap may be blocking the growth of the native heap
# Possible solutions:
#   Reduce memory load on the system
#   Increase physical memory or swap space
#   Check if swap backing store is full
#   Decrease Java heap size (-Xmx/-Xms)
#   Decrease number of Java threads
#   Decrease Java thread stack sizes (-Xss)
#   Set larger code cache with -XX:ReservedCodeCacheSize=
#   JVM is running with Unscaled Compressed Oops mode in which the Java heap is
#     placed in the first 4GB address space. The Java Heap base address is the
#     maximum limit for the native heap growth. Please use -XX:HeapBaseMinAddress
#     to set the Java Heap base and to place the Java Heap above 4GB virtual address.
# This output file may be truncated or incomplete.
#
#  Out of Memory Error (arena.cpp:168), pid=3664, tid=20844
#
# JRE version: Java(TM) SE Runtime Environment (21.0.10+8) (build 21.0.10+8-LTS-217)
# Java VM: Java HotSpot(TM) 64-Bit Server VM (21.0.10+8-LTS-217, mixed mode, sharing, tiered, compressed oops, compressed class ptrs, g1 gc, windows-amd64)
# No core dump will be written. Minidumps are not enabled by default on client versions of Windows
#

---------------  S U M M A R Y ------------

Command Line: -Dorg.gradle.internal.worker.tmpdir=D:\Phong\AutomationTest\MusicDownloader_Flutter-V2\build\tmp\test\work -XX:MaxMetaspaceSize=256m -Xmx512m -Dfile.encoding=UTF-8 -Duser.country=US -Duser.language=en -Duser.variant -ea worker.org.gradle.process.internal.worker.GradleWorkerMain 'Gradle Test Executor 4'

Host: 11th Gen Intel(R) Core(TM) i5-1135G7 @ 2.40GHz, 8 cores, 7G,  Windows 11 , 64 bit Build 22621 (10.0.22621.5415)
Time: Wed Jul  1 08:40:44 2026 SE Asia Standard Time elapsed time: 14.547594 seconds (0d 0h 0m 14s)

---------------  T H R E A D  ---------------

Current thread (0x000001a976a12180):  JavaThread "C2 CompilerThread0" daemon [_thread_in_native, id=20844, stack(0x0000001551a00000,0x0000001551b00000) (1024K)]


Current CompileTask:
C2:  14547 3301   !   4       java.io.ObjectOutputStream::writeObject0 (620 bytes)

Stack: [0x0000001551a00000,0x0000001551b00000]
Native frames: (J=compiled Java code, j=interpreted, Vv=VM code, C=native code)
V  [jvm.dll+0x6d0b59]
V  [jvm.dll+0x85fd56]
V  [jvm.dll+0x86224e]
V  [jvm.dll+0x862923]
V  [jvm.dll+0x282a16]
V  [jvm.dll+0xc662d]
V  [jvm.dll+0xc6b71]
V  [jvm.dll+0x3bbb21]
V  [jvm.dll+0x387fd2]
V  [jvm.dll+0x38741a]
V  [jvm.dll+0x24b370]
V  [jvm.dll+0x24a94f]
V  [jvm.dll+0x1cacfe]
V  [jvm.dll+0x25a629]
V  [jvm.dll+0x258bb5]
V  [jvm.dll+0x3f4da1]
V  [jvm.dll+0x80a83d]
V  [jvm.dll+0x6cf3fd]
C  [ucrtbase.dll+0x29333]
C  [KERNEL32.DLL+0x1259d]
C  [ntdll.dll+0x5af78]


---------------  P R O C E S S  ---------------

Threads class SMR info:
_java_thread_list=0x000001a97b58a670, length=34, elements={
0x000001a968ca12c0, 0x000001a9769fb2c0, 0x000001a9769fc1e0, 0x000001a9769fe8e0,
0x000001a9769ff9c0, 0x000001a976a0a440, 0x000001a976a0afd0, 0x000001a976a12180,
0x000001a976a16380, 0x000001a976c70390, 0x000001a976c94380, 0x000001a97b4c8cd0,
0x000001a97b562e40, 0x000001a97b5634b0, 0x000001a97c002fb0, 0x000001a97c003620,
0x000001a97c938840, 0x000001a97c65bde0, 0x000001a97c5d2ba0, 0x000001a97c5d3230,
0x000001a97c5d38c0, 0x000001a97c5d2510, 0x000001a976b85e80, 0x000001a976b84440,
0x000001a976b83720, 0x000001a976b85160, 0x000001a976b87f50, 0x000001a976b83db0,
0x000001a976b84ad0, 0x000001a976b857f0, 0x000001a976b86510, 0x000001a976b885e0,
0x000001a976b86ba0, 0x000001a976b88c70
}

Java Threads: ( => current thread )
  0x000001a968ca12c0 JavaThread "Test worker"                       [_thread_in_vm, id=21736, stack(0x0000001550c00000,0x0000001550d00000) (1024K)]
  0x000001a9769fb2c0 JavaThread "Reference Handler"          daemon [_thread_blocked, id=12564, stack(0x0000001551400000,0x0000001551500000) (1024K)]
  0x000001a9769fc1e0 JavaThread "Finalizer"                  daemon [_thread_blocked, id=20496, stack(0x0000001551500000,0x0000001551600000) (1024K)]
  0x000001a9769fe8e0 JavaThread "Signal Dispatcher"          daemon [_thread_blocked, id=19480, stack(0x0000001551600000,0x0000001551700000) (1024K)]
  0x000001a9769ff9c0 JavaThread "Attach Listener"            daemon [_thread_blocked, id=20668, stack(0x0000001551700000,0x0000001551800000) (1024K)]
  0x000001a976a0a440 JavaThread "Service Thread"             daemon [_thread_blocked, id=23108, stack(0x0000001551800000,0x0000001551900000) (1024K)]
  0x000001a976a0afd0 JavaThread "Monitor Deflation Thread"   daemon [_thread_blocked, id=20992, stack(0x0000001551900000,0x0000001551a00000) (1024K)]
=>0x000001a976a12180 JavaThread "C2 CompilerThread0"         daemon [_thread_in_native, id=20844, stack(0x0000001551a00000,0x0000001551b00000) (1024K)]
  0x000001a976a16380 JavaThread "C1 CompilerThread0"         daemon [_thread_blocked, id=16260, stack(0x0000001551b00000,0x0000001551c00000) (1024K)]
  0x000001a976c70390 JavaThread "Notification Thread"        daemon [_thread_blocked, id=22700, stack(0x0000001551c00000,0x0000001551d00000) (1024K)]
  0x000001a976c94380 JavaThread "Common-Cleaner"             daemon [_thread_blocked, id=3536, stack(0x0000001551d00000,0x0000001551e00000) (1024K)]
  0x000001a97b4c8cd0 JavaThread "/127.0.0.1:58919 to /127.0.0.1:58918 workers"        [_thread_blocked, id=21408, stack(0x0000001551f00000,0x0000001552000000) (1024K)]
  0x000001a97b562e40 JavaThread "/127.0.0.1:58919 to /127.0.0.1:58918 workers Thread 2"        [_thread_blocked, id=8224, stack(0x0000001552000000,0x0000001552100000) (1024K)]
  0x000001a97b5634b0 JavaThread "/127.0.0.1:58919 to /127.0.0.1:58918 workers Thread 3"        [_thread_in_native, id=6968, stack(0x0000001552100000,0x0000001552200000) (1024K)]
  0x000001a97c002fb0 JavaThread "ForkJoinPool.commonPool-worker-1" daemon [_thread_blocked, id=9868, stack(0x0000001552900000,0x0000001552a00000) (1024K)]
  0x000001a97c003620 JavaThread "ForkJoinPool.commonPool-worker-2" daemon [_thread_blocked, id=5756, stack(0x0000001552a00000,0x0000001552b00000) (1024K)]
  0x000001a97c938840 JavaThread "HttpClient-1-SelectorManager" daemon [_thread_in_native, id=3452, stack(0x0000001552b00000,0x0000001552c00000) (1024K)]
  0x000001a97c65bde0 JavaThread "JdkHttpClient-0-0"          daemon [_thread_blocked, id=14776, stack(0x0000001552d00000,0x0000001552e00000) (1024K)]
  0x000001a97c5d2ba0 JavaThread "CompletableFutureDelayScheduler" daemon [_thread_blocked, id=19668, stack(0x0000001552e00000,0x0000001552f00000) (1024K)]
  0x000001a97c5d3230 JavaThread "JdkHttpClient-0-1"          daemon [_thread_blocked, id=22248, stack(0x0000001552f00000,0x0000001553000000) (1024K)]
  0x000001a97c5d38c0 JavaThread "JdkHttpClient-0-2"          daemon [_thread_blocked, id=21220, stack(0x0000001553000000,0x0000001553100000) (1024K)]
  0x000001a97c5d2510 JavaThread "JdkHttpClient-0-3"          daemon [_thread_blocked, id=20800, stack(0x0000001553100000,0x0000001553200000) (1024K)]
  0x000001a976b85e80 JavaThread "JdkHttpClient-1-0"          daemon [_thread_blocked, id=22084, stack(0x0000001553300000,0x0000001553400000) (1024K)]
  0x000001a976b84440 JavaThread "JdkHttpClient-1-1"          daemon [_thread_blocked, id=8664, stack(0x0000001553400000,0x0000001553500000) (1024K)]
  0x000001a976b83720 JavaThread "HttpClient-3-SelectorManager" daemon [_thread_in_native, id=420, stack(0x0000001553500000,0x0000001553600000) (1024K)]
  0x000001a976b85160 JavaThread "JdkHttpClient-2-0"          daemon [_thread_blocked, id=19564, stack(0x0000001553600000,0x0000001553700000) (1024K)]
  0x000001a976b87f50 JavaThread "JdkHttpClient-2-1"          daemon [_thread_blocked, id=11928, stack(0x0000001553200000,0x0000001553300000) (1024K)]
  0x000001a976b83db0 JavaThread "HttpClient-4-SelectorManager" daemon [_thread_in_native, id=6544, stack(0x0000001553700000,0x0000001553800000) (1024K)]
  0x000001a976b84ad0 JavaThread "JdkHttpClient-3-0"          daemon [_thread_blocked, id=20956, stack(0x0000001553800000,0x0000001553900000) (1024K)]
  0x000001a976b857f0 JavaThread "JdkHttpClient-3-1"          daemon [_thread_blocked, id=10132, stack(0x0000001553900000,0x0000001553a00000) (1024K)]
  0x000001a976b86510 JavaThread "JdkHttpClient-3-2"          daemon [_thread_blocked, id=11748, stack(0x0000001553a00000,0x0000001553b00000) (1024K)]
  0x000001a976b885e0 JavaThread "HttpClient-5-SelectorManager" daemon [_thread_in_native, id=6576, stack(0x0000001553b00000,0x0000001553c00000) (1024K)]
  0x000001a976b86ba0 JavaThread "JdkHttpClient-4-0"          daemon [_thread_blocked, id=21784, stack(0x0000001553c00000,0x0000001553d00000) (1024K)]
  0x000001a976b88c70 JavaThread "JdkHttpClient-4-1"          daemon [_thread_blocked, id=20240, stack(0x0000001553d00000,0x0000001553e00000) (1024K)]
Total: 34

Other Threads:
  0x000001a9769e29f0 VMThread "VM Thread"                           [id=21672, stack(0x0000001551300000,0x0000001551400000) (1024K)]
  0x000001a9769d1110 WatcherThread "VM Periodic Task Thread"        [id=9940, stack(0x0000001551200000,0x0000001551300000) (1024K)]
  0x000001a96ae43510 WorkerThread "GC Thread#0"                     [id=3540, stack(0x0000001550d00000,0x0000001550e00000) (1024K)]
  0x000001a97be8fe70 WorkerThread "GC Thread#1"                     [id=22896, stack(0x0000001552200000,0x0000001552300000) (1024K)]
  0x000001a97b5800f0 WorkerThread "GC Thread#2"                     [id=20652, stack(0x0000001552300000,0x0000001552400000) (1024K)]
  0x000001a97b5d6aa0 WorkerThread "GC Thread#3"                     [id=21628, stack(0x0000001552400000,0x0000001552500000) (1024K)]
  0x000001a97b5d6e50 WorkerThread "GC Thread#4"                     [id=19908, stack(0x0000001552500000,0x0000001552600000) (1024K)]
  0x000001a97b5d7200 WorkerThread "GC Thread#5"                     [id=17132, stack(0x0000001552600000,0x0000001552700000) (1024K)]
  0x000001a97be7f010 WorkerThread "GC Thread#6"                     [id=2464, stack(0x0000001552700000,0x0000001552800000) (1024K)]
  0x000001a97be7f3c0 WorkerThread "GC Thread#7"                     [id=21984, stack(0x0000001552800000,0x0000001552900000) (1024K)]
  0x000001a96ae486b0 ConcurrentGCThread "G1 Main Marker"            [id=22264, stack(0x0000001550e00000,0x0000001550f00000) (1024K)]
  0x000001a96ae491c0 WorkerThread "G1 Conc#0"                       [id=10928, stack(0x0000001550f00000,0x0000001551000000) (1024K)]
  0x000001a97bf9d090 WorkerThread "G1 Conc#1"                       [id=22328, stack(0x0000001552c00000,0x0000001552d00000) (1024K)]
  0x000001a9768a2630 ConcurrentGCThread "G1 Refine#0"               [id=21788, stack(0x0000001551000000,0x0000001551100000) (1024K)]
  0x000001a9768a3f70 ConcurrentGCThread "G1 Service"                [id=9816, stack(0x0000001551100000,0x0000001551200000) (1024K)]
Total: 15

Threads with active compile tasks:
C2 CompilerThread0    14611 3301   !   4       java.io.ObjectOutputStream::writeObject0 (620 bytes)
Total: 1

VM state: not at safepoint (normal execution)

VM Mutex/Monitor currently owned by a thread: None

Heap address: 0x00000000e0000000, size: 512 MB, Compressed Oops mode: 32-bit

CDS archive(s) mapped at: [0x000001a90f000000-0x000001a90fc90000-0x000001a90fc90000), size 13172736, SharedBaseAddress: 0x000001a90f000000, ArchiveRelocationMode: 1.
Compressed class space mapped at: 0x000001a910000000-0x000001a91d000000, reserved size: 218103808
Narrow klass base: 0x000001a90f000000, Narrow klass shift: 0, Narrow klass range: 0x100000000

GC Precious Log:
 CardTable entry size: 512
 Card Set container configuration: InlinePtr #cards 5 size 8 Array Of Cards #cards 12 size 40 Howl #buckets 4 coarsen threshold 1843 Howl Bitmap #cards 512 size 80 coarsen threshold 460 Card regions per heap region 1 cards per card region 2048
 CPUs: 8 total, 8 available
 Memory: 7914M
 Large Page Support: Disabled
 NUMA Support: Disabled
 Compressed Oops: Enabled (32-bit)
 Heap Region Size: 1M
 Heap Min Capacity: 8M
 Heap Initial Capacity: 124M
 Heap Max Capacity: 512M
 Pre-touch: Disabled
 Parallel Workers: 8
 Concurrent Workers: 2
 Concurrent Refinement Workers: 8
 Periodic GC: Disabled

Heap:
 garbage-first heap   total 45056K, used 18287K [0x00000000e0000000, 0x0000000100000000)
  region size 1024K, 10 young (10240K), 4 survivors (4096K)
 Metaspace       used 26728K, committed 27264K, reserved 278528K
  class space    used 3331K, committed 3584K, reserved 212992K

Heap Regions: E=young(eden), S=young(survivor), O=old, HS=humongous(starts), HC=humongous(continues), CS=collection set, F=free, TAMS=top-at-mark-start, PB=parsable bottom
|   0|0x00000000e0000000, 0x00000000e0100000, 0x00000000e0100000|100%|HS|  |TAMS 0x00000000e0000000| PB 0x00000000e0000000| Complete 
|   1|0x00000000e0100000, 0x00000000e0200000, 0x00000000e0200000|100%| O|  |TAMS 0x00000000e0100000| PB 0x00000000e0100000| Untracked 
|   2|0x00000000e0200000, 0x00000000e0300000, 0x00000000e0300000|100%| O|  |TAMS 0x00000000e0200000| PB 0x00000000e0200000| Untracked 
|   3|0x00000000e0300000, 0x00000000e0400000, 0x00000000e0400000|100%| O|  |TAMS 0x00000000e0300000| PB 0x00000000e0300000| Untracked 
|   4|0x00000000e0400000, 0x00000000e0500000, 0x00000000e0500000|100%| O|  |TAMS 0x00000000e0400000| PB 0x00000000e0400000| Untracked 
|   5|0x00000000e0500000, 0x00000000e0600000, 0x00000000e0600000|100%| O|  |TAMS 0x00000000e0500000| PB 0x00000000e0500000| Untracked 
|   6|0x00000000e0600000, 0x00000000e0700000, 0x00000000e0700000|100%| O|  |TAMS 0x00000000e0600000| PB 0x00000000e0600000| Untracked 
|   7|0x00000000e0700000, 0x00000000e0763488, 0x00000000e0800000| 38%| O|Cm|TAMS 0x00000000e0700000| PB 0x00000000e0700000| Complete 
|   8|0x00000000e0800000, 0x00000000e0900000, 0x00000000e0900000|100%| O|  |TAMS 0x00000000e0800000| PB 0x00000000e0800000| Untracked 
|   9|0x00000000e0900000, 0x00000000e0a00000, 0x00000000e0a00000|100%| O|  |TAMS 0x00000000e0900000| PB 0x00000000e0900000| Untracked 
|  10|0x00000000e0a00000, 0x00000000e0a2a0e0, 0x00000000e0b00000| 16%| O|  |TAMS 0x00000000e0a00000| PB 0x00000000e0a00000| Untracked 
|  11|0x00000000e0b00000, 0x00000000e0b00000, 0x00000000e0c00000|  0%| F|  |TAMS 0x00000000e0b00000| PB 0x00000000e0b00000| Untracked 
|  12|0x00000000e0c00000, 0x00000000e0c00000, 0x00000000e0d00000|  0%| F|  |TAMS 0x00000000e0c00000| PB 0x00000000e0c00000| Untracked 
|  13|0x00000000e0d00000, 0x00000000e0d00000, 0x00000000e0e00000|  0%| F|  |TAMS 0x00000000e0d00000| PB 0x00000000e0d00000| Untracked 
|  14|0x00000000e0e00000, 0x00000000e0e4e760, 0x00000000e0f00000| 30%| S|CS|TAMS 0x00000000e0e00000| PB 0x00000000e0e00000| Complete 
|  15|0x00000000e0f00000, 0x00000000e1000000, 0x00000000e1000000|100%| S|CS|TAMS 0x00000000e0f00000| PB 0x00000000e0f00000| Complete 
|  16|0x00000000e1000000, 0x00000000e1100000, 0x00000000e1100000|100%| S|CS|TAMS 0x00000000e1000000| PB 0x00000000e1000000| Complete 
|  17|0x00000000e1100000, 0x00000000e1200000, 0x00000000e1200000|100%| S|CS|TAMS 0x00000000e1100000| PB 0x00000000e1100000| Complete 
|  18|0x00000000e1200000, 0x00000000e1200000, 0x00000000e1300000|  0%| F|  |TAMS 0x00000000e1200000| PB 0x00000000e1200000| Untracked 
|  19|0x00000000e1300000, 0x00000000e1300000, 0x00000000e1400000|  0%| F|  |TAMS 0x00000000e1300000| PB 0x00000000e1300000| Untracked 
|  20|0x00000000e1400000, 0x00000000e1400000, 0x00000000e1500000|  0%| F|  |TAMS 0x00000000e1400000| PB 0x00000000e1400000| Untracked 
|  21|0x00000000e1500000, 0x00000000e1500000, 0x00000000e1600000|  0%| F|  |TAMS 0x00000000e1500000| PB 0x00000000e1500000| Untracked 
|  22|0x00000000e1600000, 0x00000000e1600000, 0x00000000e1700000|  0%| F|  |TAMS 0x00000000e1600000| PB 0x00000000e1600000| Untracked 
|  23|0x00000000e1700000, 0x00000000e1700000, 0x00000000e1800000|  0%| F|  |TAMS 0x00000000e1700000| PB 0x00000000e1700000| Untracked 
|  24|0x00000000e1800000, 0x00000000e1800000, 0x00000000e1900000|  0%| F|  |TAMS 0x00000000e1800000| PB 0x00000000e1800000| Untracked 
|  25|0x00000000e1900000, 0x00000000e1900000, 0x00000000e1a00000|  0%| F|  |TAMS 0x00000000e1900000| PB 0x00000000e1900000| Untracked 
|  26|0x00000000e1a00000, 0x00000000e1a00000, 0x00000000e1b00000|  0%| F|  |TAMS 0x00000000e1a00000| PB 0x00000000e1a00000| Untracked 
|  27|0x00000000e1b00000, 0x00000000e1b00000, 0x00000000e1c00000|  0%| F|  |TAMS 0x00000000e1b00000| PB 0x00000000e1b00000| Untracked 
|  28|0x00000000e1c00000, 0x00000000e1c00000, 0x00000000e1d00000|  0%| F|  |TAMS 0x00000000e1c00000| PB 0x00000000e1c00000| Untracked 
|  29|0x00000000e1d00000, 0x00000000e1d00000, 0x00000000e1e00000|  0%| F|  |TAMS 0x00000000e1d00000| PB 0x00000000e1d00000| Untracked 
|  30|0x00000000e1e00000, 0x00000000e1e00000, 0x00000000e1f00000|  0%| F|  |TAMS 0x00000000e1e00000| PB 0x00000000e1e00000| Untracked 
|  31|0x00000000e1f00000, 0x00000000e1f00000, 0x00000000e2000000|  0%| F|  |TAMS 0x00000000e1f00000| PB 0x00000000e1f00000| Untracked 
|  32|0x00000000e2000000, 0x00000000e2000000, 0x00000000e2100000|  0%| F|  |TAMS 0x00000000e2000000| PB 0x00000000e2000000| Untracked 
|  33|0x00000000e2100000, 0x00000000e2100000, 0x00000000e2200000|  0%| F|  |TAMS 0x00000000e2100000| PB 0x00000000e2100000| Untracked 
|  34|0x00000000e2200000, 0x00000000e2200000, 0x00000000e2300000|  0%| F|  |TAMS 0x00000000e2200000| PB 0x00000000e2200000| Untracked 
|  35|0x00000000e2300000, 0x00000000e2300000, 0x00000000e2400000|  0%| F|  |TAMS 0x00000000e2300000| PB 0x00000000e2300000| Untracked 
|  36|0x00000000e2400000, 0x00000000e2400000, 0x00000000e2500000|  0%| F|  |TAMS 0x00000000e2400000| PB 0x00000000e2400000| Untracked 
|  37|0x00000000e2500000, 0x00000000e2500000, 0x00000000e2600000|  0%| F|  |TAMS 0x00000000e2500000| PB 0x00000000e2500000| Untracked 
|  38|0x00000000e2600000, 0x00000000e26ca280, 0x00000000e2700000| 78%| E|  |TAMS 0x00000000e2600000| PB 0x00000000e2600000| Complete 
| 106|0x00000000e6a00000, 0x00000000e6b00000, 0x00000000e6b00000|100%| E|CS|TAMS 0x00000000e6a00000| PB 0x00000000e6a00000| Complete 
| 107|0x00000000e6b00000, 0x00000000e6c00000, 0x00000000e6c00000|100%| E|CS|TAMS 0x00000000e6b00000| PB 0x00000000e6b00000| Complete 
| 108|0x00000000e6c00000, 0x00000000e6d00000, 0x00000000e6d00000|100%| E|CS|TAMS 0x00000000e6c00000| PB 0x00000000e6c00000| Complete 
| 109|0x00000000e6d00000, 0x00000000e6e00000, 0x00000000e6e00000|100%| E|CS|TAMS 0x00000000e6d00000| PB 0x00000000e6d00000| Complete 
| 123|0x00000000e7b00000, 0x00000000e7c00000, 0x00000000e7c00000|100%| E|CS|TAMS 0x00000000e7b00000| PB 0x00000000e7b00000| Complete 

Card table byte_map: [0x000001a9736c0000,0x000001a9737c0000] _byte_map_base: 0x000001a972fc0000

Marking Bits: (CMBitMap*) 0x000001a96ae43c20
 Bits: [0x000001a9737c0000, 0x000001a973fc0000)

Polling page: 0x000001a968db0000

Metaspace:

Usage:
  Non-class:     22.86 MB used.
      Class:      3.26 MB used.
       Both:     26.11 MB used.

Virtual space:
  Non-class space:       64.00 MB reserved,      23.12 MB ( 36%) committed,  1 nodes.
      Class space:      208.00 MB reserved,       3.50 MB (  2%) committed,  1 nodes.
             Both:      272.00 MB reserved,      26.62 MB ( 10%) committed. 

Chunk freelists:
   Non-Class:  8.12 MB
       Class:  12.55 MB
        Both:  20.67 MB

MaxMetaspaceSize: 256.00 MB
CompressedClassSpaceSize: 208.00 MB
Initial GC threshold: 21.00 MB
Current GC threshold: 35.12 MB
CDS: on
 - commit_granule_bytes: 65536.
 - commit_granule_words: 8192.
 - virtual_space_node_default_size: 8388608.
 - enlarge_chunks_in_place: 1.
 - use_allocation_guard: 0.


Internal statistics:

num_allocs_failed_limit: 3.
num_arena_births: 654.
num_arena_deaths: 0.
num_vsnodes_births: 2.
num_vsnodes_deaths: 0.
num_space_committed: 426.
num_space_uncommitted: 0.
num_chunks_returned_to_freelist: 3.
num_chunks_taken_from_freelist: 1479.
num_chunk_merges: 3.
num_chunk_splits: 906.
num_chunks_enlarged: 585.
num_inconsistent_stats: 0.

CodeHeap 'non-profiled nmethods': size=120000Kb used=1335Kb max_used=1335Kb free=118664Kb
 bounds [0x000001a907ad0000, 0x000001a907d40000, 0x000001a90f000000]
CodeHeap 'profiled nmethods': size=120000Kb used=6453Kb max_used=6453Kb free=113547Kb
 bounds [0x000001a900000000, 0x000001a900650000, 0x000001a907530000]
CodeHeap 'non-nmethods': size=5760Kb used=1795Kb max_used=1814Kb free=3965Kb
 bounds [0x000001a907530000, 0x000001a9077a0000, 0x000001a907ad0000]
 total_blobs=4008 nmethods=3354 adapters=558
 compilation: enabled
              stopped_count=0, restarted_count=0
 full_count=0

Compilation events (20 events):
Event: 14.397 Thread 0x000001a976a16380 3346       1       org.apache.logging.log4j.core.appender.OutputStreamManager::getByteBuffer (5 bytes)
Event: 14.397 Thread 0x000001a976a16380 nmethod 3346 0x000001a907c1cd90 code [0x000001a907c1cf20, 0x000001a907c1cfe8]
Event: 14.397 Thread 0x000001a976a16380 3350 %     3       com.esotericsoftware.kryo.io.Output::writeString_slow @ 0 (238 bytes)
Event: 14.399 Thread 0x000001a976a16380 nmethod 3350% 0x000001a90064a790 code [0x000001a90064a9c0, 0x000001a90064b140]
Event: 14.399 Thread 0x000001a976a16380 3352       3       java.util.ArrayList::<init> (65 bytes)
Event: 14.399 Thread 0x000001a976a16380 nmethod 3352 0x000001a90064b490 code [0x000001a90064b6a0, 0x000001a90064bcd8]
Event: 14.399 Thread 0x000001a976a16380 3354       1       org.gradle.internal.remote.internal.hub.protocol.ChannelMessage::getChannel (5 bytes)
Event: 14.399 Thread 0x000001a976a16380 nmethod 3354 0x000001a907c1d090 code [0x000001a907c1d220, 0x000001a907c1d2e8]
Event: 14.399 Thread 0x000001a976a16380 3351       1       java.util.stream.MatchOps$BooleanTerminalSink::getAndClearState (5 bytes)
Event: 14.400 Thread 0x000001a976a16380 nmethod 3351 0x000001a907c1d390 code [0x000001a907c1d520, 0x000001a907c1d5f0]
Event: 14.400 Thread 0x000001a976a16380 3353       1       org.apache.logging.log4j.core.filter.AbstractFilterable::getFilter (5 bytes)
Event: 14.400 Thread 0x000001a976a16380 nmethod 3353 0x000001a907c1d690 code [0x000001a907c1d820, 0x000001a907c1d8e8]
Event: 14.400 Thread 0x000001a976a16380 3355       1       org.gradle.internal.remote.internal.hub.protocol.ChannelMessage::getPayload (5 bytes)
Event: 14.400 Thread 0x000001a976a16380 nmethod 3355 0x000001a907c1d990 code [0x000001a907c1db20, 0x000001a907c1dbe8]
Event: 14.505 Thread 0x000001a976a16380 3357       3       java.lang.String::startsWith (123 bytes)
Event: 14.506 Thread 0x000001a976a16380 nmethod 3357 0x000001a90064be90 code [0x000001a90064c0c0, 0x000001a90064c838]
Event: 14.525 Thread 0x000001a976a16380 3358       3       sun.nio.fs.WindowsFileAttributes::lastModifiedTime (8 bytes)
Event: 14.525 Thread 0x000001a976a16380 nmethod 3358 0x000001a90064ca90 code [0x000001a90064cc40, 0x000001a90064cd80]
Event: 14.525 Thread 0x000001a976a16380 3359   !   3       sun.nio.fs.WindowsFileAttributes::toFileTime (47 bytes)
Event: 14.525 Thread 0x000001a976a16380 nmethod 3359 0x000001a90064ce10 code [0x000001a90064d000, 0x000001a90064d2a0]

GC Heap History (8 events):
Event: 0.879 GC heap before
{Heap before GC invocations=0 (full 0):
 garbage-first heap   total 126976K, used 24576K [0x00000000e0000000, 0x0000000100000000)
  region size 1024K, 23 young (23552K), 0 survivors (0K)
 Metaspace       used 7368K, committed 7552K, reserved 278528K
  class space    used 882K, committed 960K, reserved 212992K
}
Event: 0.884 GC heap after
{Heap after GC invocations=1 (full 0):
 garbage-first heap   total 126976K, used 7344K [0x00000000e0000000, 0x0000000100000000)
  region size 1024K, 3 young (3072K), 3 survivors (3072K)
 Metaspace       used 7368K, committed 7552K, reserved 278528K
  class space    used 882K, committed 960K, reserved 212992K
}
Event: 1.745 GC heap before
{Heap before GC invocations=1 (full 0):
 garbage-first heap   total 126976K, used 33968K [0x00000000e0000000, 0x0000000100000000)
  region size 1024K, 30 young (30720K), 3 survivors (3072K)
 Metaspace       used 15815K, committed 16256K, reserved 278528K
  class space    used 1962K, committed 2176K, reserved 212992K
}
Event: 1.750 GC heap after
{Heap after GC invocations=2 (full 0):
 garbage-first heap   total 126976K, used 9834K [0x00000000e0000000, 0x0000000100000000)
  region size 1024K, 3 young (3072K), 3 survivors (3072K)
 Metaspace       used 15815K, committed 16256K, reserved 278528K
  class space    used 1962K, committed 2176K, reserved 212992K
}
Event: 2.251 GC heap before
{Heap before GC invocations=2 (full 0):
 garbage-first heap   total 126976K, used 22122K [0x00000000e0000000, 0x0000000100000000)
  region size 1024K, 17 young (17408K), 3 survivors (3072K)
 Metaspace       used 20986K, committed 21504K, reserved 278528K
  class space    used 2570K, committed 2816K, reserved 212992K
}
Event: 2.255 GC heap after
{Heap after GC invocations=3 (full 0):
 garbage-first heap   total 126976K, used 11473K [0x00000000e0000000, 0x0000000100000000)
  region size 1024K, 4 young (4096K), 4 survivors (4096K)
 Metaspace       used 20986K, committed 21504K, reserved 278528K
  class space    used 2570K, committed 2816K, reserved 212992K
}
Event: 14.082 GC heap before
{Heap before GC invocations=4 (full 0):
 garbage-first heap   total 45056K, used 32977K [0x00000000e0000000, 0x0000000100000000)
  region size 1024K, 26 young (26624K), 4 survivors (4096K)
 Metaspace       used 25903K, committed 26432K, reserved 278528K
  class space    used 3232K, committed 3456K, reserved 212992K
}
Event: 14.094 GC heap after
{Heap after GC invocations=5 (full 0):
 garbage-first heap   total 45056K, used 13167K [0x00000000e0000000, 0x0000000100000000)
  region size 1024K, 4 young (4096K), 4 survivors (4096K)
 Metaspace       used 25903K, committed 26432K, reserved 278528K
  class space    used 3232K, committed 3456K, reserved 212992K
}

Dll operation events (11 events):
Event: 0.012 Loaded shared library C:\Program Files\Java\jdk-21.0.10\bin\java.dll
Event: 0.062 Loaded shared library C:\Program Files\Java\jdk-21.0.10\bin\jsvml.dll
Event: 0.116 Loaded shared library C:\Program Files\Java\jdk-21.0.10\bin\net.dll
Event: 0.118 Loaded shared library C:\Program Files\Java\jdk-21.0.10\bin\nio.dll
Event: 0.122 Loaded shared library C:\Program Files\Java\jdk-21.0.10\bin\zip.dll
Event: 0.216 Loaded shared library C:\Program Files\Java\jdk-21.0.10\bin\jimage.dll
Event: 0.575 Loaded shared library C:\Program Files\Java\jdk-21.0.10\bin\extnet.dll
Event: 0.666 Loaded shared library C:\Program Files\Java\jdk-21.0.10\bin\sunmscapi.dll
Event: 0.705 Loaded shared library C:\Program Files\Java\jdk-21.0.10\bin\verify.dll
Event: 13.185 Loaded shared library C:\Program Files\Java\jdk-21.0.10\bin\management.dll
Event: 13.192 Loaded shared library C:\Program Files\Java\jdk-21.0.10\bin\management_ext.dll

Deoptimization events (20 events):
Event: 14.190 Thread 0x000001a968ca12c0 Uncommon trap: trap_request=0xffffffde fr.pc=0x000001a907c16d9c relative=0x00000000000005fc
Event: 14.190 Thread 0x000001a968ca12c0 Uncommon trap: reason=class_check action=maybe_recompile pc=0x000001a907c16d9c method=java.util.regex.Matcher.search(I)Z @ 121 c2
Event: 14.190 Thread 0x000001a968ca12c0 DEOPT PACKING pc=0x000001a907c16d9c sp=0x0000001550cfd0d0
Event: 14.190 Thread 0x000001a968ca12c0 DEOPT UNPACKING pc=0x000001a907587da2 sp=0x0000001550cfd0b0 mode 2
Event: 14.190 Thread 0x000001a968ca12c0 Uncommon trap: trap_request=0xffffffde fr.pc=0x000001a907c16d9c relative=0x00000000000005fc
Event: 14.190 Thread 0x000001a968ca12c0 Uncommon trap: reason=class_check action=maybe_recompile pc=0x000001a907c16d9c method=java.util.regex.Matcher.search(I)Z @ 121 c2
Event: 14.190 Thread 0x000001a968ca12c0 DEOPT PACKING pc=0x000001a907c16d9c sp=0x0000001550cfd130
Event: 14.190 Thread 0x000001a968ca12c0 DEOPT UNPACKING pc=0x000001a907587da2 sp=0x0000001550cfd110 mode 2
Event: 14.190 Thread 0x000001a968ca12c0 Uncommon trap: trap_request=0xffffffde fr.pc=0x000001a907c16d9c relative=0x00000000000005fc
Event: 14.190 Thread 0x000001a968ca12c0 Uncommon trap: reason=class_check action=maybe_recompile pc=0x000001a907c16d9c method=java.util.regex.Matcher.search(I)Z @ 121 c2
Event: 14.190 Thread 0x000001a968ca12c0 DEOPT PACKING pc=0x000001a907c16d9c sp=0x0000001550cfd190
Event: 14.190 Thread 0x000001a968ca12c0 DEOPT UNPACKING pc=0x000001a907587da2 sp=0x0000001550cfd170 mode 2
Event: 14.419 Thread 0x000001a968ca12c0 Uncommon trap: trap_request=0xffffff45 fr.pc=0x000001a907b3846c relative=0x000000000000022c
Event: 14.419 Thread 0x000001a968ca12c0 Uncommon trap: reason=unstable_if action=reinterpret pc=0x000001a907b3846c method=java.lang.String.startsWith(Ljava/lang/String;I)Z @ 50 c2
Event: 14.419 Thread 0x000001a968ca12c0 DEOPT PACKING pc=0x000001a907b3846c sp=0x0000001550cfd400
Event: 14.419 Thread 0x000001a968ca12c0 DEOPT UNPACKING pc=0x000001a907587da2 sp=0x0000001550cfd330 mode 2
Event: 14.419 Thread 0x000001a968ca12c0 Uncommon trap: trap_request=0xffffff45 fr.pc=0x000001a907b38f28 relative=0x0000000000000268
Event: 14.419 Thread 0x000001a968ca12c0 Uncommon trap: reason=unstable_if action=reinterpret pc=0x000001a907b38f28 method=java.lang.String.startsWith(Ljava/lang/String;I)Z @ 50 c2
Event: 14.419 Thread 0x000001a968ca12c0 DEOPT PACKING pc=0x000001a907b38f28 sp=0x0000001550cfd390
Event: 14.419 Thread 0x000001a968ca12c0 DEOPT UNPACKING pc=0x000001a907587da2 sp=0x0000001550cfd330 mode 2

Classes loaded (20 events):
Event: 13.953 Loading class java/io/ObjectOutputStream$PutFieldImpl
Event: 13.953 Loading class java/io/ObjectOutputStream$PutField
Event: 13.953 Loading class java/io/ObjectOutputStream$PutField done
Event: 13.954 Loading class java/io/ObjectOutputStream$PutFieldImpl done
Event: 13.972 Loading class java/util/Collections$EmptyListIterator
Event: 13.978 Loading class java/util/Collections$EmptyListIterator done
Event: 14.041 Loading class jdk/internal/reflect/AccessorUtils
Event: 14.043 Loading class jdk/internal/reflect/AccessorUtils done
Event: 14.109 Loading class java/util/LinkedList$LLSpliterator
Event: 14.109 Loading class java/util/LinkedList$LLSpliterator done
Event: 14.153 Loading class java/util/WeakHashMap$EntrySet
Event: 14.154 Loading class java/util/WeakHashMap$EntrySet done
Event: 14.154 Loading class java/util/WeakHashMap$EntryIterator
Event: 14.156 Loading class java/util/WeakHashMap$HashIterator
Event: 14.158 Loading class java/util/WeakHashMap$HashIterator done
Event: 14.158 Loading class java/util/WeakHashMap$EntryIterator done
Event: 14.178 Loading class java/util/concurrent/ConcurrentLinkedQueue$Itr
Event: 14.183 Loading class java/util/concurrent/ConcurrentLinkedQueue$Itr done
Event: 14.527 Loading class java/io/FilterReader
Event: 14.530 Loading class java/io/FilterReader done

Classes unloaded (0 events):
No events

Classes redefined (0 events):
No events

Internal exceptions (20 events):
Event: 13.858 Thread 0x000001a97c938840 Exception <a 'java/net/ConnectException'{0x00000000e257bd88}: Connection refused: getsockopt> (0x00000000e257bd88) 
thrown [s\open\src\hotspot\share\prims\jni.cpp, line 539]
Event: 13.865 Thread 0x000001a97c938840 Exception <a 'java/net/ConnectException'{0x00000000e257c7f0}: Connection refused: getsockopt> (0x00000000e257c7f0) 
thrown [s\open\src\hotspot\share\prims\jni.cpp, line 539]
Event: 13.867 Thread 0x000001a97c938840 Exception <a 'java/net/ConnectException'{0x00000000e257d218}: Connection refused: getsockopt> (0x00000000e257d218) 
thrown [s\open\src\hotspot\share\prims\jni.cpp, line 539]
Event: 13.875 Thread 0x000001a97b562e40 Exception <a 'java/lang/NoSuchMethodError'{0x00000000e216f1a8}: static Lorg/openqa/selenium/remote/UnreachableBrowserException;.<clinit>()V> (0x00000000e216f1a8) 
thrown [s\open\src\hotspot\share\prims\jni.cpp, line 1111]
Event: 13.876 Thread 0x000001a97b562e40 Exception <a 'java/lang/NoSuchMethodError'{0x00000000e21718c8}: static Lorg/openqa/selenium/WebDriverException;.<clinit>()V> (0x00000000e21718c8) 
thrown [s\open\src\hotspot\share\prims\jni.cpp, line 1111]
Event: 13.884 Thread 0x000001a97b562e40 Exception <a 'java/lang/NoSuchMethodError'{0x00000000e1322d10}: static [Ljava/lang/StackTraceElement;.<clinit>()V> (0x00000000e1322d10) 
thrown [s\open\src\hotspot\share\prims\jni.cpp, line 1111]
Event: 13.891 Thread 0x000001a968ca12c0 Exception <a 'java/lang/IncompatibleClassChangeError'{0x00000000e149eaf0}: Found class java.lang.Object, but interface was expected> (0x00000000e149eaf0) 
thrown [s\open\src\hotspot\share\interpreter\linkResolver.cpp, line 840]
Event: 13.955 Thread 0x000001a97b562e40 Exception <a 'java/lang/NoSuchMethodError'{0x00000000e1345bb8}: static [Ljava/util/concurrent/ConcurrentHashMap$Segment;.<clinit>()V> (0x00000000e1345bb8) 
thrown [s\open\src\hotspot\share\prims\jni.cpp, line 1111]
Event: 13.985 Thread 0x000001a97b562e40 Exception <a 'java/lang/NoSuchMethodError'{0x00000000e13c4df0}: static [B.<clinit>()V> (0x00000000e13c4df0) 
thrown [s\open\src\hotspot\share\prims\jni.cpp, line 1111]
Event: 14.017 Thread 0x000001a976b84ad0 Exception <a 'java/net/ConnectException'{0x00000000e1216fe0}: Connection refused: getsockopt> (0x00000000e1216fe0) 
thrown [s\open\src\hotspot\share\prims\jni.cpp, line 539]
Event: 14.028 Thread 0x000001a976b84ad0 Exception <a 'java/net/ConnectException'{0x00000000e1217bd0}: Connection refused: getsockopt> (0x00000000e1217bd0) 
thrown [s\open\src\hotspot\share\prims\jni.cpp, line 539]
Event: 14.042 Thread 0x000001a97b562e40 Exception <a 'java/lang/NoSuchMethodError'{0x00000000e13e3db8}: static Lorg/openqa/selenium/SessionNotCreatedException;.<clinit>()V> (0x00000000e13e3db8) 
thrown [s\open\src\hotspot\share\prims\jni.cpp, line 1111]
Event: 14.141 Thread 0x000001a976b83720 Exception <a 'java/net/ConnectException'{0x00000000e7b80760}: Connection refused: getsockopt> (0x00000000e7b80760) 
thrown [s\open\src\hotspot\share\prims\jni.cpp, line 539]
Event: 14.145 Thread 0x000001a976b83720 Exception <a 'java/net/ConnectException'{0x00000000e7b81350}: Connection refused: getsockopt> (0x00000000e7b81350) 
thrown [s\open\src\hotspot\share\prims\jni.cpp, line 539]
Event: 14.172 Thread 0x000001a968ca12c0 Exception <a 'java/lang/NullPointerException'{0x00000000e6d40100}> (0x00000000e6d40100) 
thrown [s\open\src\hotspot\share\interpreter\linkResolver.cpp, line 1456]
Event: 14.263 Thread 0x000001a976b83db0 Exception <a 'java/net/ConnectException'{0x00000000e6da0728}: Connection refused: getsockopt> (0x00000000e6da0728) 
thrown [s\open\src\hotspot\share\prims\jni.cpp, line 539]
Event: 14.285 Thread 0x000001a976b83db0 Exception <a 'java/net/ConnectException'{0x00000000e6da1318}: Connection refused: getsockopt> (0x00000000e6da1318) 
thrown [s\open\src\hotspot\share\prims\jni.cpp, line 539]
Event: 14.371 Thread 0x000001a976b885e0 Exception <a 'java/net/ConnectException'{0x00000000e6cbd768}: Connection refused: getsockopt> (0x00000000e6cbd768) 
thrown [s\open\src\hotspot\share\prims\jni.cpp, line 539]
Event: 14.376 Thread 0x000001a976b885e0 Exception <a 'java/net/ConnectException'{0x00000000e6cbe358}: Connection refused: getsockopt> (0x00000000e6cbe358) 
thrown [s\open\src\hotspot\share\prims\jni.cpp, line 539]
Event: 14.402 Thread 0x000001a968ca12c0 Exception <a 'java/lang/NoSuchMethodError'{0x00000000e6b66ad8}: 'long java.lang.invoke.DirectMethodHandle$Holder.invokeStatic(java.lang.Object, java.lang.Object)'> (0x00000000e6b66ad8) 
thrown [s\open\src\hotspot\share\interpreter\linkResolver.cpp, line 773]

ZGC Phase Switch (0 events):
No events

VM Operations (20 events):
Event: 2.265 Executing VM operation: G1PauseRemark
Event: 2.267 Executing VM operation: G1PauseRemark done
Event: 2.269 Executing VM operation: G1PauseCleanup
Event: 2.271 Executing VM operation: G1PauseCleanup done
Event: 3.279 Executing VM operation: Cleanup
Event: 3.279 Executing VM operation: Cleanup done
Event: 10.316 Executing VM operation: Cleanup
Event: 10.332 Executing VM operation: Cleanup done
Event: 10.332 Executing VM operation: HandshakeAllThreads (Deoptimize)
Event: 10.332 Executing VM operation: HandshakeAllThreads (Deoptimize) done
Event: 10.338 Executing VM operation: HandshakeAllThreads (Deoptimize)
Event: 10.339 Executing VM operation: HandshakeAllThreads (Deoptimize) done
Event: 11.340 Executing VM operation: Cleanup
Event: 11.340 Executing VM operation: Cleanup done
Event: 12.347 Executing VM operation: Cleanup
Event: 12.348 Executing VM operation: Cleanup done
Event: 13.361 Executing VM operation: Cleanup
Event: 13.361 Executing VM operation: Cleanup done
Event: 14.059 Executing VM operation: G1CollectForAllocation (G1 Evacuation Pause)
Event: 14.102 Executing VM operation: G1CollectForAllocation (G1 Evacuation Pause) done

Events (20 events):
Event: 2.218 Thread 0x000001a97c938840 Thread added: 0x000001a97c938840
Event: 2.340 Thread 0x000001a97c65bde0 Thread added: 0x000001a97c65bde0
Event: 2.348 Thread 0x000001a97c5d2ba0 Thread added: 0x000001a97c5d2ba0
Event: 2.416 Thread 0x000001a97c5d3230 Thread added: 0x000001a97c5d3230
Event: 2.426 Thread 0x000001a97c5d38c0 Thread added: 0x000001a97c5d38c0
Event: 2.428 Thread 0x000001a97c5d2510 Thread added: 0x000001a97c5d2510
Event: 13.970 Thread 0x000001a976b84ad0 Thread added: 0x000001a976b84ad0
Event: 13.974 Thread 0x000001a976b85e80 Thread added: 0x000001a976b85e80
Event: 14.018 Thread 0x000001a976b84440 Thread added: 0x000001a976b84440
Event: 14.058 Thread 0x000001a976b83720 Thread added: 0x000001a976b83720
Event: 14.114 Thread 0x000001a976b85160 Thread added: 0x000001a976b85160
Event: 14.116 Thread 0x000001a976b84ad0 Thread exited: 0x000001a976b84ad0
Event: 14.141 Thread 0x000001a976b87f50 Thread added: 0x000001a976b87f50
Event: 14.210 Thread 0x000001a976b83db0 Thread added: 0x000001a976b83db0
Event: 14.216 Thread 0x000001a976b84ad0 Thread added: 0x000001a976b84ad0
Event: 14.263 Thread 0x000001a976b857f0 Thread added: 0x000001a976b857f0
Event: 14.285 Thread 0x000001a976b86510 Thread added: 0x000001a976b86510
Event: 14.312 Thread 0x000001a976b885e0 Thread added: 0x000001a976b885e0
Event: 14.317 Thread 0x000001a976b86ba0 Thread added: 0x000001a976b86ba0
Event: 14.371 Thread 0x000001a976b88c70 Thread added: 0x000001a976b88c70


Dynamic libraries:
0x00007ff767cb0000 - 0x00007ff767cc0000 	C:\Program Files\Java\jdk-21.0.10\bin\java.exe
0x00007ffed5230000 - 0x00007ffed5448000 	C:\WINDOWS\SYSTEM32\ntdll.dll
0x00007ffed4560000 - 0x00007ffed4624000 	C:\WINDOWS\System32\KERNEL32.DLL
0x00007ffed2ac0000 - 0x00007ffed2e93000 	C:\WINDOWS\System32\KERNELBASE.dll
0x00007ffed2340000 - 0x00007ffed2451000 	C:\WINDOWS\System32\ucrtbase.dll
0x00007ffec3fa0000 - 0x00007ffec3fbe000 	C:\Program Files\Java\jdk-21.0.10\bin\VCRUNTIME140.dll
0x00007ffeae9f0000 - 0x00007ffeaea09000 	C:\Program Files\Java\jdk-21.0.10\bin\jli.dll
0x00007ffed32f0000 - 0x00007ffed33a1000 	C:\WINDOWS\System32\ADVAPI32.dll
0x00007ffed50d0000 - 0x00007ffed5177000 	C:\WINDOWS\System32\msvcrt.dll
0x00007ffed4270000 - 0x00007ffed4318000 	C:\WINDOWS\System32\sechost.dll
0x00007ffed2ea0000 - 0x00007ffed2ec8000 	C:\WINDOWS\System32\bcrypt.dll
0x00007ffed3650000 - 0x00007ffed3768000 	C:\WINDOWS\System32\RPCRT4.dll
0x00007ffed43a0000 - 0x00007ffed4552000 	C:\WINDOWS\System32\USER32.dll
0x00007ffed2640000 - 0x00007ffed2666000 	C:\WINDOWS\System32\win32u.dll
0x00007ffed33b0000 - 0x00007ffed33d9000 	C:\WINDOWS\System32\GDI32.dll
0x00007ffed29a0000 - 0x00007ffed2abb000 	C:\WINDOWS\System32\gdi32full.dll
0x00007ffec30b0000 - 0x00007ffec334c000 	C:\WINDOWS\WinSxS\amd64_microsoft.windows.common-controls_6595b64144ccf1df_6.0.22621.6060_none_2712eda17382d24b\COMCTL32.dll
0x00007ffed24e0000 - 0x00007ffed257a000 	C:\WINDOWS\System32\msvcp_win.dll
0x00007ffed1cd0000 - 0x00007ffed1cda000 	C:\WINDOWS\SYSTEM32\VERSION.dll
0x00007ffed4110000 - 0x00007ffed4141000 	C:\WINDOWS\System32\IMM32.DLL
0x00000000587e0000 - 0x00000000587ed000 	C:\Program Files (x86)\360\Total Security\safemon\SafeWrapper.dll
0x00007ffecaa00000 - 0x00007ffecab05000 	C:\Program Files (x86)\360\Total Security\safemon\libzdtp64.dll
0x00007ffed3770000 - 0x00007ffed400c000 	C:\WINDOWS\System32\SHELL32.dll
0x00007ffed2860000 - 0x00007ffed299f000 	C:\WINDOWS\System32\wintypes.dll
0x00007ffed2f50000 - 0x00007ffed32e1000 	C:\WINDOWS\System32\combase.dll
0x00007ffed4cf0000 - 0x00007ffed4d59000 	C:\WINDOWS\System32\SHLWAPI.dll
0x00007ffecc270000 - 0x00007ffecc27c000 	C:\Program Files\Java\jdk-21.0.10\bin\vcruntime140_1.dll
0x00007ffeae960000 - 0x00007ffeae9ed000 	C:\Program Files\Java\jdk-21.0.10\bin\msvcp140.dll
0x00007ffe1cf90000 - 0x00007ffe1dcb7000 	C:\Program Files\Java\jdk-21.0.10\bin\server\jvm.dll
0x00007ffed4c50000 - 0x00007ffed4cc1000 	C:\WINDOWS\System32\WS2_32.dll
0x00007ffed2220000 - 0x00007ffed226d000 	C:\WINDOWS\SYSTEM32\POWRPROF.dll
0x00007ffecc130000 - 0x00007ffecc164000 	C:\WINDOWS\SYSTEM32\WINMM.dll
0x00007ffed2200000 - 0x00007ffed2213000 	C:\WINDOWS\SYSTEM32\UMPDC.dll
0x00007ffed12b0000 - 0x00007ffed12c8000 	C:\WINDOWS\SYSTEM32\kernel.appcore.dll
0x00007ffec3f90000 - 0x00007ffec3f9a000 	C:\Program Files\Java\jdk-21.0.10\bin\jimage.dll
0x00007ffecb5b0000 - 0x00007ffecb7e3000 	C:\WINDOWS\SYSTEM32\DBGHELP.DLL
0x00007ffed4030000 - 0x00007ffed4108000 	C:\WINDOWS\System32\OLEAUT32.dll
0x00007ffeadfd0000 - 0x00007ffeae002000 	C:\WINDOWS\SYSTEM32\dbgcore.DLL
0x00007ffed27e0000 - 0x00007ffed285b000 	C:\WINDOWS\System32\bcryptPrimitives.dll
0x00007ffeae010000 - 0x00007ffeae031000 	C:\Program Files\Java\jdk-21.0.10\bin\java.dll
0x00007ffed01d0000 - 0x00007ffed0aea000 	C:\WINDOWS\SYSTEM32\windows.storage.dll
0x00007ffed4ab0000 - 0x00007ffed4bb4000 	C:\WINDOWS\System32\SHCORE.dll
0x00007ffed2270000 - 0x00007ffed2295000 	C:\WINDOWS\SYSTEM32\profapi.dll
0x00007ffe8ee50000 - 0x00007ffe8ef27000 	C:\Program Files\Java\jdk-21.0.10\bin\jsvml.dll
0x00007ffeae6e0000 - 0x00007ffeae6f1000 	C:\Program Files\Java\jdk-21.0.10\bin\net.dll
0x00007ffecefa0000 - 0x00007ffecf0cc000 	C:\WINDOWS\SYSTEM32\WINHTTP.dll
0x00007ffed1790000 - 0x00007ffed17f9000 	C:\WINDOWS\system32\mswsock.dll
0x00007ffead8b0000 - 0x00007ffead8c6000 	C:\Program Files\Java\jdk-21.0.10\bin\nio.dll
0x00007ffead890000 - 0x00007ffead8a8000 	C:\Program Files\Java\jdk-21.0.10\bin\zip.dll
0x00007ffebae70000 - 0x00007ffebae79000 	C:\Program Files\Java\jdk-21.0.10\bin\extnet.dll
0x00007ffeae880000 - 0x00007ffeae88e000 	C:\Program Files\Java\jdk-21.0.10\bin\sunmscapi.dll
0x00007ffed2670000 - 0x00007ffed27d8000 	C:\WINDOWS\System32\CRYPT32.dll
0x00007ffed1ba0000 - 0x00007ffed1bce000 	C:\WINDOWS\SYSTEM32\ncrypt.dll
0x00007ffed1b60000 - 0x00007ffed1b97000 	C:\WINDOWS\SYSTEM32\NTASN1.dll
0x00007ffe76ba0000 - 0x00007ffe76ba8000 	C:\WINDOWS\system32\wshunix.dll
0x00007ffed19e0000 - 0x00007ffed19fb000 	C:\WINDOWS\SYSTEM32\CRYPTSP.dll
0x00007ffed1210000 - 0x00007ffed1247000 	C:\WINDOWS\system32\rsaenh.dll
0x00007ffed1880000 - 0x00007ffed18a8000 	C:\WINDOWS\SYSTEM32\USERENV.dll
0x00007ffed1a00000 - 0x00007ffed1a0c000 	C:\WINDOWS\SYSTEM32\CRYPTBASE.dll
0x00007ffed0d50000 - 0x00007ffed0d7d000 	C:\WINDOWS\SYSTEM32\IPHLPAPI.DLL
0x00007ffed4260000 - 0x00007ffed4269000 	C:\WINDOWS\System32\NSI.dll
0x00007ffebafa0000 - 0x00007ffebafb0000 	C:\Program Files\Java\jdk-21.0.10\bin\verify.dll
0x00007ffe75f90000 - 0x00007ffe75fa7000 	C:\WINDOWS\system32\napinsp.dll
0x00007ffe61e80000 - 0x00007ffe61e9b000 	C:\WINDOWS\system32\pnrpnsp.dll
0x00007ffed0dc0000 - 0x00007ffed0eb8000 	C:\WINDOWS\SYSTEM32\DNSAPI.dll
0x00007ffe61e60000 - 0x00007ffe61e71000 	C:\WINDOWS\System32\winrnr.dll
0x00007ffec9250000 - 0x00007ffec9265000 	C:\WINDOWS\system32\wshbth.dll
0x00007ffe61e30000 - 0x00007ffe61e51000 	C:\WINDOWS\system32\nlansp_c.dll
0x00007ffecb0a0000 - 0x00007ffecb0aa000 	C:\Windows\System32\rasadhlp.dll
0x00007ffecb110000 - 0x00007ffecb194000 	C:\WINDOWS\System32\fwpuclnt.dll
0x00007ffec3f70000 - 0x00007ffec3f7a000 	C:\Program Files\Java\jdk-21.0.10\bin\management.dll
0x00007ffec3f30000 - 0x00007ffec3f3c000 	C:\Program Files\Java\jdk-21.0.10\bin\management_ext.dll
0x00007ffed4390000 - 0x00007ffed4398000 	C:\WINDOWS\System32\PSAPI.DLL

dbghelp: loaded successfully - version: 4.0.5 - missing functions: none
symbol engine: initialized successfully - sym options: 0x614 - pdb path: .;C:\Program Files\Java\jdk-21.0.10\bin;C:\WINDOWS\SYSTEM32;C:\WINDOWS\WinSxS\amd64_microsoft.windows.common-controls_6595b64144ccf1df_6.0.22621.6060_none_2712eda17382d24b;C:\Program Files (x86)\360\Total Security\safemon;C:\Program Files\Java\jdk-21.0.10\bin\server

VM Arguments:
jvm_args: -Dorg.gradle.internal.worker.tmpdir=D:\Phong\AutomationTest\MusicDownloader_Flutter-V2\build\tmp\test\work -XX:MaxMetaspaceSize=256m -Xmx512m -Dfile.encoding=UTF-8 -Duser.country=US -Duser.language=en -Duser.variant -ea 
java_command: worker.org.gradle.process.internal.worker.GradleWorkerMain 'Gradle Test Executor 4'
java_class_path (initial): C:\\Users\\phong\\.gradle\\caches\\9.0.0\\workerMain\\gradle-worker.jar;D:\\Phong\\AutomationTest\\MusicDownloader_Flutter-V2\\build\\classes\\java\\test;D:\\Phong\\AutomationTest\\MusicDownloader_Flutter-V2\\build\\resources\\test;D:\\Phong\\AutomationTest\\MusicDownloader_Flutter-V2\\build\\classes\\java\\main;C:\\Users\\phong\\.gradle\\caches\\modules-2\\files-2.1\\io.appium\\java-client\\9.3.0\\dfc7d533b11ba112dca3575c4c3d4f2bd4e0614f\\java-client-9.3.0.jar;C:\\Users\\phong\\.gradle\\caches\\modules-2\\files-2.1\\org.seleniumhq.selenium\\selenium-java\\4.27.0\\2cc38c8dbef9d6e8774f05c2d2e8088180858ed4\\selenium-java-4.27.0.jar;C:\\Users\\phong\\.gradle\\caches\\modules-2\\files-2.1\\org.testng\\testng\\7.11.0\\c75ee639e6fc9c0a406d32608d532d9ee9341941\\testng-7.11.0.jar;C:\\Users\\phong\\.gradle\\caches\\modules-2\\files-2.1\\com.aventstack\\extentreports\\5.1.2\\8c9745739678f408fb5a59c9c242dcbac76f393f\\extentreports-5.1.2.jar;C:\\Users\\phong\\.gradle\\caches\\modules-2\\files-2.1\\org.apache.logging.log4j\\log4j-slf4j2-impl\\2.26.0\\668c0f0e813d83f00a7182533aa658ec7e7a0a0d\\log4j-slf4j2-impl-2.26.0.jar;C:\\Users\\phong\\.gradle\\caches\\modules-2\\files-2.1\\org.apache.logging.log4j\\log4j-core\\2.26.0\\d267ca60b27ddb075e0b4e75e7875859717bf85f\\log4j-core-2.26.0.jar;C:\\Users\\phong\\.gradle\\caches\\modules-2\\files-2.1\\org.apache.logging.log4j\\log4j-api\\2.26.0\\ad52af0ecf054a7e3f275a2e180ee06d9c490951\\log4j-api-2.26.0.jar;C:\\Users\\phong\\.gradle\\caches\\modules-2\\files-2.1\\commons-io\\commons-io\\2.18.0\\44084ef756763795b31c578403dd028ff4a22950\\commons-io-2.18.0.jar;C:\\Users\\phong\\.gradle\\caches\\modules-2\\files-2.1\\com.google.code.gson\\gson\\2.11.0\\527175ca6d81050b53bdd4c457a6d6e017626b0e\\gson-2.11.0.jar;C:\\Users\\phong\\.gradle\\caches\\modules-2\\files-2.1\\org.slf4j\\slf4j-api\\2.0.17\\d9e58ac9c7779ba3bf8142aff6c830617a7fe60f\\slf4j-api-2.0.17.jar;C:\\Users\\phong\\.gradle\\caches\\modules-2\\files-2.1\\org.seleniumhq.selenium\\selenium-support\\4.27.0\\587bec7c63107566c0858cf19b730e66ee973b5\\selenium-support-4.27.0.jar;C:\\Users\\phong\\.gradle\\caches\\modules-2\\files-2.1\\org.seleniumhq.selenium\\selenium-chrome-driver\\4.27.0\\bbd1b1defdf733cfc6bcf7eb8f04ef6752dfaf12\\selenium-chrome-driver-4.27.0.jar;C:\\Users\\phong\\.gradle\\caches\\modules-2\\files-2.1\\org.seleniumhq.selenium\\selenium-devtools-v129\\4.27.0\\daf042ab38501182bc3c4a54f2398d8ecd8ca5e7\\selenium-devtools-v129-4.27.0.jar;C:\\Users\\phong\\.gradle\\caches\\modules-2\\files-2.1\\org.seleniumhq.selenium\\selenium-devtools-v130\\4.27.0\\2ebfb80448483ecb967bfb2bfc5e83d929c84c98\\selenium-devtools-v130-4.27.0.jar;C:\\Users\\phong\\.gradle\\caches\\modules-2\\files-2.1\\org.seleniumhq.selenium\\selenium-devtools-v131\\4.27.0\\9071645ff0b06bd25bb6aeafa31eeda8e0e524b8\\selenium-devtools-v131-4.27.0.jar;C:\\Users\\phong\\.gradle\\caches\\modules-2\\files-2.1\\org.seleniumhq.selenium\\selenium-firefox-driver\\4.27.0\\872ea55cb20d073b4f5da1d401ee059322e59ddf\\selenium-firefox-driver-4.27.0.jar;C:\\Users\\phong\\.gradle\\caches\\modules-2\\files-2.1\\org.seleniumhq.selenium\\selenium-devtools-v85\\4.27.0\\786a93d6de154df7c02afc77888a14b5b9068a51\\selenium-devtools-v85-4.27.0.jar;C:\\Users\\phong\\.gradle\\caches\\modules-2\\files-2.1\\org.seleniumhq.selenium\\selenium-edge-driver\\4.27.0\\b37ab3b7d580accd9b9d689ca79349f03975a2af\\selenium-edge-driver-4.27.0.jar;C:\\Users\\phong\\.gradle\\caches\\modules-2\\files-2.1\\org.seleniumhq.selenium\\selenium-ie-driver\\4.27.0\\c3499216bb107a4a45adbed8e3426de3a9773fe6\\selenium-ie-driver-4.27.0.jar;C:\\Users\\phong\\.gradle\\caches\\modules-2\\files-2.1\\org.seleniumhq.selenium\\selenium-safari-driver\\4.27.0\\b6fb9a251cea14893a9215b788b7deaf3a122966\\selenium-safari-driver-4.27.0.jar;C:\\Users\\phong\\.gradle\\caches\\modules-2\\files-2.1\\org.seleniumhq.selenium\\selenium-chromium-driver\\4.27.0\\b1316f767f9a268a8776fdfaf8c7aa579612dd81\\selenium-chromium-driver-4.27.0.jar;C:\\Users\\phong\\.gradle\\caches\\modules-2\\files-2.1\\org.seleniumhq.selenium\\selenium-remote-driver\\4.27.0\\6b5965434028430ae9795000b35588f2e42d600b\\selenium-remote-driver-4.27.0.jar;C:\\Users\\phong\\.gradle\\caches\\modules-2\\files-2.1\\org.seleniumhq.selenium\\selenium-http\\4.27.0\\293be865c1d8dfb8d27a58aeaa6e2ee8eaeeff6d\\selenium-http-4.27.0.jar;C:\\Users\\phong\\.gradle\\caches\\modules-2\\files-2.1\\org.seleniumhq.selenium\\selenium-manager\\4.27.0\\6ac8d65d9b7089714088eaa8cacc256a9a87b8ee\\selenium-manager-4.27.0.jar;C:\\Users\\phong\\.gradle\\caches\\modules-2\\files-2.1\\org.seleniumhq.selenium\\selenium-json\\4.27.0\\a6702380e592496b41d5a88e185c04e3205a4048\\selenium-json-4.27.0.jar;C:\\Users\\phong\\.gradle\\caches\\modules-2\\files-2.1\\org.seleniumhq.selenium\\selenium-os\\4.27.0\\579f94f663857d2905200f8646fb889186444a2a\\selenium-os-4.27.0.jar;C:\\Users\\phong\\.gradle\\caches\\modules-2\\files-2.1\\org.seleniumhq.selenium\\selenium-api\\4.27.0\\9fbdd0dab6501bf2fb139d81c74eb8f6598b9fc1\\selenium-api-4.27.0.jar;C:\\Users\\phong\\.gradle\\caches\\modules-2\\files-2.1\\org.jcommander\\jcommander\\1.83\\c342a2ad17ec08db105146e27c7ba9c535c9bb46\\jcommander-1.83.jar;C:\\Users\\phong\\.gradle\\caches\\modules-2\\files-2.1\\org.webjars\\jquery\\3.7.1\\42088e652462c40a369b64d87e18e825644acfab\\jquery-3.7.1.jar;C:\\Users\\phong\\.gradle\\caches\\modules-2\\files-2.1\\io.reactivex.rxjava3\\rxjava\\3.1.6\\fd824db2008535f59f2ac0c7bfe8d49fb7193e0\\rxjava-3.1.6.jar;C:\\Users\\phong\\.gradle\\caches\\modules-2\\files-2.1\\org.freemarker\\freemarker\\2.3.32\\8607259125d4fbe982754227ea4f75dd513c6d19\\freemarker-2.3.32.jar;C:\\Users\\phong\\.gradle\\caches\\modules-2\\files-2.1\\org.projectlombok\\lombok\\1.18.26\\8f8cf0372abf564913e9796623aac4c8ea44025a\\lombok-1.18.26.jar;C:\\Users\\phong\\.gradle\\caches\\modules-2\\files-2.1\\com.google.guava\\guava\\33.3.1-jre\\852f8b363da0111e819460021ca693cacca3e8db\\guava-33.3.1-jre.jar;C:\\Users\\phong\\.gradle\\caches\\modules-2\\files-2.1\\com.google.errorprone\\error_prone_annotations\\2.28.0\\59fc00087ce372de42e394d2c789295dff2d19f0\\error_prone_annotations-2.28.0.jar;C:\\Users\\phong\\.gradle\\caches\\modules-2\\files-2.1\\org.jspecify\\jspecify\\1.0.0\\7425a601c1c7ec76645a78d22b8c6a627edee507\\jspecify-1.0.0.jar;C:\\Users\\phong\\.gradle\\caches\\modules-2\\files-2.1\\com.google.auto.service\\auto-service-annotations\\1.1.1\\da12a15cd058ba90a0ff55357fb521161af4736d\\auto-service-annotations-1.1.1.jar;C:\\Users\\phong\\.gradle\\caches\\modules-2\\files-2.1\\io.opentelemetry.semconv\\opentelemetry-semconv\\1.25.0-alpha\\76b3d4ca0a8f20b27c1590ceece54f0c7fb5857e\\opentelemetry-semconv-1.25.0-alpha.jar;C:\\Users\\phong\\.gradle\\caches\\modules-2\\files-2.1\\io.opentelemetry\\opentelemetry-exporter-logging\\1.44.1\\8a0078262d4a4a358a6ac295a78d41b34cbfb1ce\\opentelemetry-exporter-logging-1.44.1.jar;C:\\Users\\phong\\.gradle\\caches\\modules-2\\files-2.1\\io.opentelemetry\\opentelemetry-sdk-extension-autoconfigure\\1.44.1\\93e72096cb53f1ed46c7082ce21353848ccbb6d2\\opentelemetry-sdk-extension-autoconfigure-1.44.1.jar;C:\\Users\\phong\\.gradle\\caches\\modules-2\\files-2.1\\io.opentelemetry\\opentelemetry-sdk-extension-autoconfigure-spi\\1.44.1\\4a6fe5b741ae3758891acf53299ad7fd93d01c50\\opentelemetry-sdk-extension-autoconfigure-spi-1.44.1.jar;C:\\Users\\phong\\.gradle\\caches\\modules-2\\files-2.1\\io.opentelemetry\\opentelemetry-sdk\\1.44.1\\876aeea9b4d348c7e4583774e98c24f942669b03\\opentelemetry-sdk-1.44.1.jar;C:\\Users\\phong\\.gradle\\caches\\modules-2\\files-2.1\\io.opentelemetry\\opentelemetry-sdk-trace\\1.44.1\\3fc4d8efce482f2cb0e0420c453d08ec431131a7\\opentelemetry-sdk-trace-1.44.1.jar;C:\\Users\\phong\\.gradle\\caches\\modules-2\\files-2.1\\io.opentelemetry\\opentelemetry-sdk-metrics\\1.44.1\\1ec2cc48eaffb08488fe76f851d664cd09849350\\opentelemetry-sdk-metrics-1.44.1.jar;C:\\Users\\phong\\.gradle\\caches\\modules-2\\files-2.1\\io.opentelemetry\\opentelemetry-sdk-logs\\1.44.1\\ceaf13d9d8013645f557a88d0de108017238e41c\\opentelemetry-sdk-logs-1.44.1.jar;C:\\Users\\phong\\.gradle\\caches\\modules-2\\files-2.1\\io.opentelemetry\\opentelemetry-sdk-common\\1.44.1\\61d7f6063f4c01167bedd9e21ffb9dd4a834a7ce\\opentelemetry-sdk-common-1.44.1.jar;C:\\Users\\phong\\.gradle\\caches\\modules-2\\files-2.1\\io.opentelemetry\\opentelemetry-api-incubator\\1.44.1-alpha\\dcfeb7fe084d4f36cd68e2ce0eeb0dea6a2fdd47\\opentelemetry-api-incubator-1.44.1-alpha.jar;C:\\Users\\phong\\.gradle\\caches\\modules-2\\files-2.1\\io.opentelemetry\\opentelemetry-api\\1.44.1\\17115247ee4d6119a2c1d7d1a934a561788eb6b4\\opentelemetry-api-1.44.1.jar;C:\\Users\\phong\\.gradle\\caches\\modules-2\\files-2.1\\io.opentelemetry\\opentelemetry-context\\1.44.1\\940ee86bb63502c6d3a54976d39c00f983fe4c81\\opentelemetry-context-1.44.1.jar;C:\\Users\\phong\\.gradle\\caches\\modules-2\\files-2.1\\net.bytebuddy\\byte-buddy\\1.15.10\\635c873fadd853c084f84fdc3cbd58c5dd8537f9\\byte-buddy-1.15.10.jar;C:\\Users\\phong\\.gradle\\caches\\modules-2\\files-2.1\\org.reactivestreams\\reactive-streams\\1.0.4\\3864a1320d97d7b045f729a326e1e077661f31b7\\reactive-streams-1.0.4.jar;C:\\Users\\phong\\.gradle\\caches\\modules-2\\files-2.1\\com.google.guava\\failureaccess\\1.0.2\\c4a06a64e650562f30b7bf9aaec1bfed43aca12b\\failureaccess-1.0.2.jar;C:\\Users\\phong\\.gradle\\caches\\modules-2\\files-2.1\\com.google.guava\\listenablefuture\\9999.0-empty-to-avoid-conflict-with-guava\\b421526c5f297295adef1c886e5246c39d4ac629\\listenablefuture-9999.0-empty-to-avoid-conflict-with-guava.jar;C:\\Users\\phong\\.gradle\\caches\\modules-2\\files-2.1\\com.google.code.findbugs\\jsr305\\3.0.2\\25ea2e8b0c338a877313bd4672d3fe056ea78f0d\\jsr305-3.0.2.jar;C:\\Users\\phong\\.gradle\\caches\\modules-2\\files-2.1\\org.checkerframework\\checker-qual\\3.43.0\\9425eee39e56b116d2b998b7c2cebcbd11a3c98b\\checker-qual-3.43.0.jar;C:\\Users\\phong\\.gradle\\caches\\modules-2\\files-2.1\\com.google.j2objc\\j2objc-annotations\\3.0.0\\7399e65dd7e9ff3404f4535b2f017093bdb134c7\\j2objc-annotations-3.0.0.jar;C:\\Users\\phong\\.gradle\\caches\\modules-2\\files-2.1\\dev.failsafe\\failsafe\\3.3.2\\738a986f1f0e4b6c6a49d351dddc772d1378c5a8\\failsafe-3.3.2.jar;C:\\Users\\phong\\.gradle\\caches\\modules-2\\files-2.1\\org.apache.commons\\commons-exec\\1.4.0\\e9061b21958bfaf1cb736eb22e36cbf02d8fe9f\\commons-exec-1.4.0.jar
Launcher Type: SUN_STANDARD

[Global flags]
     intx CICompilerCount                          = 4                                         {product} {ergonomic}
   size_t CompressedClassSpaceSize                 = 218103808                                 {product} {ergonomic}
     uint ConcGCThreads                            = 2                                         {product} {ergonomic}
     uint G1ConcRefinementThreads                  = 8                                         {product} {ergonomic}
   size_t G1HeapRegionSize                         = 1048576                                   {product} {ergonomic}
    uintx GCDrainStackTargetSize                   = 64                                        {product} {ergonomic}
   size_t InitialHeapSize                          = 130023424                                 {product} {ergonomic}
   size_t MarkStackSize                            = 4194304                                   {product} {ergonomic}
   size_t MaxHeapSize                              = 536870912                                 {product} {command line}
   size_t MaxMetaspaceSize                         = 268435456                                 {product} {command line}
   size_t MaxNewSize                               = 321912832                                 {product} {ergonomic}
   size_t MinHeapDeltaBytes                        = 1048576                                   {product} {ergonomic}
   size_t MinHeapSize                              = 8388608                                   {product} {ergonomic}
    uintx NonNMethodCodeHeapSize                   = 5839372                                {pd product} {ergonomic}
    uintx NonProfiledCodeHeapSize                  = 122909434                              {pd product} {ergonomic}
    uintx ProfiledCodeHeapSize                     = 122909434                              {pd product} {ergonomic}
    uintx ReservedCodeCacheSize                    = 251658240                              {pd product} {ergonomic}
     bool SegmentedCodeCache                       = true                                      {product} {ergonomic}
   size_t SoftMaxHeapSize                          = 536870912                              {manageable} {ergonomic}
     bool UseCompressedOops                        = true                           {product lp64_product} {ergonomic}
     bool UseG1GC                                  = true                                      {product} {ergonomic}
     bool UseLargePagesIndividualAllocation        = false                                  {pd product} {ergonomic}

Logging:
Log output configuration:
 #0: stdout all=warning uptime,level,tags foldmultilines=false
 #1: stderr all=off uptime,level,tags foldmultilines=false

Environment Variables:
JAVA_HOME=C:\Program Files\Java\jdk-21.0.10
PATH=C:\Program Files\Java\jdk-21.0.10\bin;C:\Program Files\Common Files\Oracle\Java\javapath;C:\WINDOWS\system32;C:\WINDOWS;C:\WINDOWS\System32\Wbem;C:\WINDOWS\System32\WindowsPowerShell\v1.0\;C:\WINDOWS\System32\OpenSSH\;C:\php-8.3.12;C:\Program Files\Git\cmd;C:\Program Files\dotnet\;C:\Program Files\nodejs\;D:\Android\Sdk\platform-tools;D:\Android\Sdk\emulator;D:\Android\Sdk\cmdline-tools\latest\bin;;D:\Android\Sdk\platform-tools;D:\Android\Sdk\emulator;C:\Program Files\Java\jdk-21.0.10\bin;C:\Program Files\Common Files\Oracle\Java\javapath;C:\WINDOWS\system32;C:\WINDOWS;C:\WINDOWS\System32\Wbem;C:\WINDOWS\System32\WindowsPowerShell\v1.0\;C:\WINDOWS\System32\OpenSSH\;C:\php-8.3.12;C:\Program Files\Git\cmd;C:\Program Files\dotnet\;C:\Program Files\nodejs\;D:\Android\Sdk\platform-tools;D:\Android\Sdk\emulator;D:\Android\Sdk\cmdline-tools\latest\bin;;D:\Android\Sdk\platform-tools;D:\Android\Sdk\emulator;C:\Users\phong\AppData\Local\Programs\Python\Launcher\;C:\Users\phong\AppData\Local\Microsoft\WindowsApps;C:\Users\phong\AppData\Local\Programs\Microsoft VS Code\bin;C:\Users\phong\AppData\Roaming\npm;D:\npm-global
USERNAME=phong
OS=Windows_NT
PROCESSOR_IDENTIFIER=Intel64 Family 6 Model 140 Stepping 1, GenuineIntel
TMP=C:\Users\phong\AppData\Local\Temp
TEMP=C:\Users\phong\AppData\Local\Temp




Periodic native trim disabled

---------------  S Y S T E M  ---------------

OS:
 Windows 11 , 64 bit Build 22621 (10.0.22621.5415)
OS uptime: 0 days 17:32 hours

CPU: total 8 (initial active 8) (4 cores per cpu, 2 threads per core) family 6 model 140 stepping 1 microcode 0xbe, cx8, cmov, fxsr, ht, mmx, 3dnowpref, sse, sse2, sse3, ssse3, sse4.1, sse4.2, popcnt, lzcnt, tsc, tscinvbit, avx, avx2, aes, erms, clmul, bmi1, bmi2, adx, avx512f, avx512dq, avx512cd, avx512bw, avx512vl, sha, fma, vzeroupper, avx512_vpopcntdq, avx512_vpclmulqdq, avx512_vaes, avx512_vnni, clflush, clflushopt, clwb, avx512_vbmi2, avx512_vbmi, rdtscp, rdpid, fsrm, gfni, avx512_bitalg, f16c, pku, cet_ibt, cet_ss, avx512_ifma
Processor Information for all 8 processors :
  Max Mhz: 2419, Current Mhz: 2419, Mhz Limit: 2419

Memory: 4k page, system-wide physical 7914M (100M free)
TotalPageFile size 17220M (AvailPageFile size 4M)
current process WorkingSet (physical memory assigned to process): 145M, peak: 145M
current process commit charge ("private bytes"): 188M, peak: 252M

vm_info: Java HotSpot(TM) 64-Bit Server VM (21.0.10+8-LTS-217) for windows-amd64 JRE (21.0.10+8-LTS-217), built on 2025-12-18T14:59:28Z by "mach5run" with MS VC++ 17.13 (VS2022)

END.
