#
# There is insufficient memory for the Java Runtime Environment to continue.
# Native memory allocation (malloc) failed to allocate 32744 bytes for Chunk::new
# Possible reasons:
#   The system is out of physical RAM or swap space
#   The process is running with CompressedOops enabled, and the Java Heap may be blocking the growth of the native heap
# Possible solutions:
#   Reduce memory load on the system
#   Increase physical memory or swap space
#   Check if swap backing store is full
#   Decrease Java heap size (-Xmx/-Xms)
#   Decrease number of Java threads
#   Decrease Java thread stack sizes (-Xss)
#   Set larger code cache with -XX:ReservedCodeCacheSize=
#   JVM is running with Unscaled Compressed Oops mode in which the Java heap is
#     placed in the first 4GB address space. The Java Heap base address is the
#     maximum limit for the native heap growth. Please use -XX:HeapBaseMinAddress
#     to set the Java Heap base and to place the Java Heap above 4GB virtual address.
# This output file may be truncated or incomplete.
#
#  Out of Memory Error (arena.cpp:168), pid=11656, tid=9888
#
# JRE version: Java(TM) SE Runtime Environment (21.0.10+8) (build 21.0.10+8-LTS-217)
# Java VM: Java HotSpot(TM) 64-Bit Server VM (21.0.10+8-LTS-217, mixed mode, sharing, tiered, compressed oops, compressed class ptrs, g1 gc, windows-amd64)
# No core dump will be written. Minidumps are not enabled by default on client versions of Windows
#

---------------  S U M M A R Y ------------

Command Line: -Xmx64m -Xms64m -Dorg.gradle.appname=gradlew D:\Phong\AutomationTest\MusicDownloader_Flutter-V2\\gradle\wrapper\gradle-wrapper.jar --stop

Host: 11th Gen Intel(R) Core(TM) i5-1135G7 @ 2.40GHz, 8 cores, 7G,  Windows 11 , 64 bit Build 22621 (10.0.22621.5415)
Time: Wed Jul  1 08:41:59 2026 SE Asia Standard Time elapsed time: 0.553193 seconds (0d 0h 0m 0s)

---------------  T H R E A D  ---------------

Current thread (0x000001d15d154000):  JavaThread "C1 CompilerThread0" daemon [_thread_in_native, id=9888, stack(0x000000cfc5600000,0x000000cfc5700000) (1024K)]


Current CompileTask:
C1:    553  431       3       java.util.regex.Pattern::escape (1310 bytes)

Stack: [0x000000cfc5600000,0x000000cfc5700000]
Native frames: (J=compiled Java code, j=interpreted, Vv=VM code, C=native code)
V  [jvm.dll+0x6d0b59]
V  [jvm.dll+0x85fd56]
V  [jvm.dll+0x86224e]
V  [jvm.dll+0x862923]
V  [jvm.dll+0x282a16]
V  [jvm.dll+0xc662d]
V  [jvm.dll+0xc6b71]
V  [jvm.dll+0x18ba4a]
V  [jvm.dll+0x17fe8e]
V  [jvm.dll+0x16df40]
V  [jvm.dll+0x156c27]
V  [jvm.dll+0x1564e8]
V  [jvm.dll+0x15672c]
V  [jvm.dll+0x155b4c]
V  [jvm.dll+0x15792d]
V  [jvm.dll+0x25a629]
V  [jvm.dll+0x258bb5]
V  [jvm.dll+0x3f4da1]
V  [jvm.dll+0x80a83d]
V  [jvm.dll+0x6cf3fd]
C  [ucrtbase.dll+0x29333]
C  [KERNEL32.DLL+0x1259d]
C  [ntdll.dll+0x5af78]


---------------  P R O C E S S  ---------------

Threads class SMR info:
_java_thread_list=0x000001d15d3aeac0, length=11, elements={
0x000001d17fbf5f90, 0x000001d15d145860, 0x000001d15d146780, 0x000001d15d148840,
0x000001d15d14b3a0, 0x000001d15d14d520, 0x000001d15d14eba0, 0x000001d15d1501e0,
0x000001d15d154000, 0x000001d15d3b2760, 0x000001d15d3b53b0
}

Java Threads: ( => current thread )
  0x000001d17fbf5f90 JavaThread "main"                              [_thread_in_Java, id=7112, stack(0x000000cfc4700000,0x000000cfc4800000) (1024K)]
  0x000001d15d145860 JavaThread "Reference Handler"          daemon [_thread_blocked, id=20484, stack(0x000000cfc4f00000,0x000000cfc5000000) (1024K)]
  0x000001d15d146780 JavaThread "Finalizer"                  daemon [_thread_blocked, id=23000, stack(0x000000cfc5000000,0x000000cfc5100000) (1024K)]
  0x000001d15d148840 JavaThread "Signal Dispatcher"          daemon [_thread_blocked, id=9820, stack(0x000000cfc5100000,0x000000cfc5200000) (1024K)]
  0x000001d15d14b3a0 JavaThread "Attach Listener"            daemon [_thread_blocked, id=21040, stack(0x000000cfc5200000,0x000000cfc5300000) (1024K)]
  0x000001d15d14d520 JavaThread "Service Thread"             daemon [_thread_blocked, id=21988, stack(0x000000cfc5300000,0x000000cfc5400000) (1024K)]
  0x000001d15d14eba0 JavaThread "Monitor Deflation Thread"   daemon [_thread_blocked, id=2264, stack(0x000000cfc5400000,0x000000cfc5500000) (1024K)]
  0x000001d15d1501e0 JavaThread "C2 CompilerThread0"         daemon [_thread_in_native, id=19844, stack(0x000000cfc5500000,0x000000cfc5600000) (1024K)]
=>0x000001d15d154000 JavaThread "C1 CompilerThread0"         daemon [_thread_in_native, id=9888, stack(0x000000cfc5600000,0x000000cfc5700000) (1024K)]
  0x000001d15d3b2760 JavaThread "Notification Thread"        daemon [_thread_blocked, id=20748, stack(0x000000cfc5700000,0x000000cfc5800000) (1024K)]
  0x000001d15d3b53b0 JavaThread "Common-Cleaner"             daemon [_thread_blocked, id=19984, stack(0x000000cfc5800000,0x000000cfc5900000) (1024K)]
Total: 11

Other Threads:
  0x000001d15d12f080 VMThread "VM Thread"                           [id=12956, stack(0x000000cfc4e00000,0x000000cfc4f00000) (1024K)]
  0x000001d101efeb90 WatcherThread "VM Periodic Task Thread"        [id=15356, stack(0x000000cfc4d00000,0x000000cfc4e00000) (1024K)]
  0x000001d101e79020 WorkerThread "GC Thread#0"                     [id=20672, stack(0x000000cfc4800000,0x000000cfc4900000) (1024K)]
  0x000001d101e7b020 ConcurrentGCThread "G1 Main Marker"            [id=11204, stack(0x000000cfc4900000,0x000000cfc4a00000) (1024K)]
  0x000001d101e7deb0 WorkerThread "G1 Conc#0"                       [id=20760, stack(0x000000cfc4a00000,0x000000cfc4b00000) (1024K)]
  0x000001d101ee7310 ConcurrentGCThread "G1 Refine#0"               [id=23088, stack(0x000000cfc4b00000,0x000000cfc4c00000) (1024K)]
  0x000001d101ee7e90 ConcurrentGCThread "G1 Service"                [id=22376, stack(0x000000cfc4c00000,0x000000cfc4d00000) (1024K)]
Total: 7

Threads with active compile tasks:
C2 CompilerThread0      600  445       4       jdk.internal.util.ArraysSupport::vectorizedHashCode (158 bytes)
C1 CompilerThread0      600  431       3       java.util.regex.Pattern::escape (1310 bytes)
Total: 2

VM state: not at safepoint (normal execution)

VM Mutex/Monitor currently owned by a thread: None

Heap address: 0x00000000fc000000, size: 64 MB, Compressed Oops mode: 32-bit

CDS archive(s) mapped at: [0x000001d11c000000-0x000001d11cc90000-0x000001d11cc90000), size 13172736, SharedBaseAddress: 0x000001d11c000000, ArchiveRelocationMode: 1.
Compressed class space mapped at: 0x000001d11d000000-0x000001d15d000000, reserved size: 1073741824
Narrow klass base: 0x000001d11c000000, Narrow klass shift: 0, Narrow klass range: 0x100000000

GC Precious Log:
 CardTable entry size: 512
 Card Set container configuration: InlinePtr #cards 5 size 8 Array Of Cards #cards 12 size 40 Howl #buckets 4 coarsen threshold 1843 Howl Bitmap #cards 512 size 80 coarsen threshold 460 Card regions per heap region 1 cards per card region 2048
 CPUs: 8 total, 8 available
 Memory: 7914M
 Large Page Support: Disabled
 NUMA Support: Disabled
 Compressed Oops: Enabled (32-bit)
 Heap Region Size: 1M
 Heap Min Capacity: 64M
 Heap Initial Capacity: 64M
 Heap Max Capacity: 64M
 Pre-touch: Disabled
 Parallel Workers: 8
 Concurrent Workers: 2
 Concurrent Refinement Workers: 8
 Periodic GC: Disabled

Heap:
 garbage-first heap   total 65536K, used 8192K [0x00000000fc000000, 0x0000000100000000)
  region size 1024K, 9 young (9216K), 0 survivors (0K)
 Metaspace       used 1498K, committed 1728K, reserved 1114112K
  class space    used 143K, committed 256K, reserved 1048576K

Heap Regions: E=young(eden), S=young(survivor), O=old, HS=humongous(starts), HC=humongous(continues), CS=collection set, F=free, TAMS=top-at-mark-start, PB=parsable bottom
|   0|0x00000000fc000000, 0x00000000fc000000, 0x00000000fc100000|  0%| F|  |TAMS 0x00000000fc000000| PB 0x00000000fc000000| Untracked 
|   1|0x00000000fc100000, 0x00000000fc100000, 0x00000000fc200000|  0%| F|  |TAMS 0x00000000fc100000| PB 0x00000000fc100000| Untracked 
|   2|0x00000000fc200000, 0x00000000fc200000, 0x00000000fc300000|  0%| F|  |TAMS 0x00000000fc200000| PB 0x00000000fc200000| Untracked 
|   3|0x00000000fc300000, 0x00000000fc300000, 0x00000000fc400000|  0%| F|  |TAMS 0x00000000fc300000| PB 0x00000000fc300000| Untracked 
|   4|0x00000000fc400000, 0x00000000fc400000, 0x00000000fc500000|  0%| F|  |TAMS 0x00000000fc400000| PB 0x00000000fc400000| Untracked 
|   5|0x00000000fc500000, 0x00000000fc500000, 0x00000000fc600000|  0%| F|  |TAMS 0x00000000fc500000| PB 0x00000000fc500000| Untracked 
|   6|0x00000000fc600000, 0x00000000fc600000, 0x00000000fc700000|  0%| F|  |TAMS 0x00000000fc600000| PB 0x00000000fc600000| Untracked 
|   7|0x00000000fc700000, 0x00000000fc700000, 0x00000000fc800000|  0%| F|  |TAMS 0x00000000fc700000| PB 0x00000000fc700000| Untracked 
|   8|0x00000000fc800000, 0x00000000fc800000, 0x00000000fc900000|  0%| F|  |TAMS 0x00000000fc800000| PB 0x00000000fc800000| Untracked 
|   9|0x00000000fc900000, 0x00000000fc900000, 0x00000000fca00000|  0%| F|  |TAMS 0x00000000fc900000| PB 0x00000000fc900000| Untracked 
|  10|0x00000000fca00000, 0x00000000fca00000, 0x00000000fcb00000|  0%| F|  |TAMS 0x00000000fca00000| PB 0x00000000fca00000| Untracked 
|  11|0x00000000fcb00000, 0x00000000fcb00000, 0x00000000fcc00000|  0%| F|  |TAMS 0x00000000fcb00000| PB 0x00000000fcb00000| Untracked 
|  12|0x00000000fcc00000, 0x00000000fcc00000, 0x00000000fcd00000|  0%| F|  |TAMS 0x00000000fcc00000| PB 0x00000000fcc00000| Untracked 
|  13|0x00000000fcd00000, 0x00000000fcd00000, 0x00000000fce00000|  0%| F|  |TAMS 0x00000000fcd00000| PB 0x00000000fcd00000| Untracked 
|  14|0x00000000fce00000, 0x00000000fce00000, 0x00000000fcf00000|  0%| F|  |TAMS 0x00000000fce00000| PB 0x00000000fce00000| Untracked 
|  15|0x00000000fcf00000, 0x00000000fcf00000, 0x00000000fd000000|  0%| F|  |TAMS 0x00000000fcf00000| PB 0x00000000fcf00000| Untracked 
|  16|0x00000000fd000000, 0x00000000fd000000, 0x00000000fd100000|  0%| F|  |TAMS 0x00000000fd000000| PB 0x00000000fd000000| Untracked 
|  17|0x00000000fd100000, 0x00000000fd100000, 0x00000000fd200000|  0%| F|  |TAMS 0x00000000fd100000| PB 0x00000000fd100000| Untracked 
|  18|0x00000000fd200000, 0x00000000fd200000, 0x00000000fd300000|  0%| F|  |TAMS 0x00000000fd200000| PB 0x00000000fd200000| Untracked 
|  19|0x00000000fd300000, 0x00000000fd300000, 0x00000000fd400000|  0%| F|  |TAMS 0x00000000fd300000| PB 0x00000000fd300000| Untracked 
|  20|0x00000000fd400000, 0x00000000fd400000, 0x00000000fd500000|  0%| F|  |TAMS 0x00000000fd400000| PB 0x00000000fd400000| Untracked 
|  21|0x00000000fd500000, 0x00000000fd500000, 0x00000000fd600000|  0%| F|  |TAMS 0x00000000fd500000| PB 0x00000000fd500000| Untracked 
|  22|0x00000000fd600000, 0x00000000fd600000, 0x00000000fd700000|  0%| F|  |TAMS 0x00000000fd600000| PB 0x00000000fd600000| Untracked 
|  23|0x00000000fd700000, 0x00000000fd700000, 0x00000000fd800000|  0%| F|  |TAMS 0x00000000fd700000| PB 0x00000000fd700000| Untracked 
|  24|0x00000000fd800000, 0x00000000fd800000, 0x00000000fd900000|  0%| F|  |TAMS 0x00000000fd800000| PB 0x00000000fd800000| Untracked 
|  25|0x00000000fd900000, 0x00000000fd900000, 0x00000000fda00000|  0%| F|  |TAMS 0x00000000fd900000| PB 0x00000000fd900000| Untracked 
|  26|0x00000000fda00000, 0x00000000fda00000, 0x00000000fdb00000|  0%| F|  |TAMS 0x00000000fda00000| PB 0x00000000fda00000| Untracked 
|  27|0x00000000fdb00000, 0x00000000fdb00000, 0x00000000fdc00000|  0%| F|  |TAMS 0x00000000fdb00000| PB 0x00000000fdb00000| Untracked 
|  28|0x00000000fdc00000, 0x00000000fdc00000, 0x00000000fdd00000|  0%| F|  |TAMS 0x00000000fdc00000| PB 0x00000000fdc00000| Untracked 
|  29|0x00000000fdd00000, 0x00000000fdd00000, 0x00000000fde00000|  0%| F|  |TAMS 0x00000000fdd00000| PB 0x00000000fdd00000| Untracked 
|  30|0x00000000fde00000, 0x00000000fde00000, 0x00000000fdf00000|  0%| F|  |TAMS 0x00000000fde00000| PB 0x00000000fde00000| Untracked 
|  31|0x00000000fdf00000, 0x00000000fdf00000, 0x00000000fe000000|  0%| F|  |TAMS 0x00000000fdf00000| PB 0x00000000fdf00000| Untracked 
|  32|0x00000000fe000000, 0x00000000fe000000, 0x00000000fe100000|  0%| F|  |TAMS 0x00000000fe000000| PB 0x00000000fe000000| Untracked 
|  33|0x00000000fe100000, 0x00000000fe100000, 0x00000000fe200000|  0%| F|  |TAMS 0x00000000fe100000| PB 0x00000000fe100000| Untracked 
|  34|0x00000000fe200000, 0x00000000fe200000, 0x00000000fe300000|  0%| F|  |TAMS 0x00000000fe200000| PB 0x00000000fe200000| Untracked 
|  35|0x00000000fe300000, 0x00000000fe300000, 0x00000000fe400000|  0%| F|  |TAMS 0x00000000fe300000| PB 0x00000000fe300000| Untracked 
|  36|0x00000000fe400000, 0x00000000fe400000, 0x00000000fe500000|  0%| F|  |TAMS 0x00000000fe400000| PB 0x00000000fe400000| Untracked 
|  37|0x00000000fe500000, 0x00000000fe500000, 0x00000000fe600000|  0%| F|  |TAMS 0x00000000fe500000| PB 0x00000000fe500000| Untracked 
|  38|0x00000000fe600000, 0x00000000fe600000, 0x00000000fe700000|  0%| F|  |TAMS 0x00000000fe600000| PB 0x00000000fe600000| Untracked 
|  39|0x00000000fe700000, 0x00000000fe700000, 0x00000000fe800000|  0%| F|  |TAMS 0x00000000fe700000| PB 0x00000000fe700000| Untracked 
|  40|0x00000000fe800000, 0x00000000fe800000, 0x00000000fe900000|  0%| F|  |TAMS 0x00000000fe800000| PB 0x00000000fe800000| Untracked 
|  41|0x00000000fe900000, 0x00000000fe900000, 0x00000000fea00000|  0%| F|  |TAMS 0x00000000fe900000| PB 0x00000000fe900000| Untracked 
|  42|0x00000000fea00000, 0x00000000fea00000, 0x00000000feb00000|  0%| F|  |TAMS 0x00000000fea00000| PB 0x00000000fea00000| Untracked 
|  43|0x00000000feb00000, 0x00000000feb00000, 0x00000000fec00000|  0%| F|  |TAMS 0x00000000feb00000| PB 0x00000000feb00000| Untracked 
|  44|0x00000000fec00000, 0x00000000fec00000, 0x00000000fed00000|  0%| F|  |TAMS 0x00000000fec00000| PB 0x00000000fec00000| Untracked 
|  45|0x00000000fed00000, 0x00000000fed00000, 0x00000000fee00000|  0%| F|  |TAMS 0x00000000fed00000| PB 0x00000000fed00000| Untracked 
|  46|0x00000000fee00000, 0x00000000fee00000, 0x00000000fef00000|  0%| F|  |TAMS 0x00000000fee00000| PB 0x00000000fee00000| Untracked 
|  47|0x00000000fef00000, 0x00000000fef00000, 0x00000000ff000000|  0%| F|  |TAMS 0x00000000fef00000| PB 0x00000000fef00000| Untracked 
|  48|0x00000000ff000000, 0x00000000ff000000, 0x00000000ff100000|  0%| F|  |TAMS 0x00000000ff000000| PB 0x00000000ff000000| Untracked 
|  49|0x00000000ff100000, 0x00000000ff100000, 0x00000000ff200000|  0%| F|  |TAMS 0x00000000ff100000| PB 0x00000000ff100000| Untracked 
|  50|0x00000000ff200000, 0x00000000ff200000, 0x00000000ff300000|  0%| F|  |TAMS 0x00000000ff200000| PB 0x00000000ff200000| Untracked 
|  51|0x00000000ff300000, 0x00000000ff300000, 0x00000000ff400000|  0%| F|  |TAMS 0x00000000ff300000| PB 0x00000000ff300000| Untracked 
|  52|0x00000000ff400000, 0x00000000ff400000, 0x00000000ff500000|  0%| F|  |TAMS 0x00000000ff400000| PB 0x00000000ff400000| Untracked 
|  53|0x00000000ff500000, 0x00000000ff500000, 0x00000000ff600000|  0%| F|  |TAMS 0x00000000ff500000| PB 0x00000000ff500000| Untracked 
|  54|0x00000000ff600000, 0x00000000ff600000, 0x00000000ff700000|  0%| F|  |TAMS 0x00000000ff600000| PB 0x00000000ff600000| Untracked 
|  55|0x00000000ff700000, 0x00000000ff800000, 0x00000000ff800000|100%| E|  |TAMS 0x00000000ff700000| PB 0x00000000ff700000| Complete 
|  56|0x00000000ff800000, 0x00000000ff900000, 0x00000000ff900000|100%| E|CS|TAMS 0x00000000ff800000| PB 0x00000000ff800000| Complete 
|  57|0x00000000ff900000, 0x00000000ffa00000, 0x00000000ffa00000|100%| E|CS|TAMS 0x00000000ff900000| PB 0x00000000ff900000| Complete 
|  58|0x00000000ffa00000, 0x00000000ffb00000, 0x00000000ffb00000|100%| E|CS|TAMS 0x00000000ffa00000| PB 0x00000000ffa00000| Complete 
|  59|0x00000000ffb00000, 0x00000000ffc00000, 0x00000000ffc00000|100%| E|CS|TAMS 0x00000000ffb00000| PB 0x00000000ffb00000| Complete 
|  60|0x00000000ffc00000, 0x00000000ffd00000, 0x00000000ffd00000|100%| E|CS|TAMS 0x00000000ffc00000| PB 0x00000000ffc00000| Complete 
|  61|0x00000000ffd00000, 0x00000000ffe00000, 0x00000000ffe00000|100%| E|CS|TAMS 0x00000000ffd00000| PB 0x00000000ffd00000| Complete 
|  62|0x00000000ffe00000, 0x00000000fff00000, 0x00000000fff00000|100%| E|CS|TAMS 0x00000000ffe00000| PB 0x00000000ffe00000| Complete 
|  63|0x00000000fff00000, 0x0000000100000000, 0x0000000100000000|100%| E|CS|TAMS 0x00000000fff00000| PB 0x00000000fff00000| Complete 

Card table byte_map: [0x000001d101d60000,0x000001d101d80000] _byte_map_base: 0x000001d101580000

Marking Bits: (CMBitMap*) 0x000001d101e79730
 Bits: [0x000001d119610000, 0x000001d119710000)

Polling page: 0x000001d1015b0000

Metaspace:

Usage:
  Non-class:      1.32 MB used.
      Class:    143.18 KB used.
       Both:      1.46 MB used.

Virtual space:
  Non-class space:       64.00 MB reserved,       1.44 MB (  2%) committed,  1 nodes.
      Class space:        1.00 GB reserved,     256.00 KB ( <1%) committed,  1 nodes.
             Both:        1.06 GB reserved,       1.69 MB ( <1%) committed. 

Chunk freelists:
   Non-Class:  11.72 MB
       Class:  15.69 MB
        Both:  27.41 MB

MaxMetaspaceSize: unlimited
CompressedClassSpaceSize: 1.00 GB
Initial GC threshold: 21.00 MB
Current GC threshold: 21.00 MB
CDS: on
 - commit_granule_bytes: 65536.
 - commit_granule_words: 8192.
 - virtual_space_node_default_size: 8388608.
 - enlarge_chunks_in_place: 1.
 - use_allocation_guard: 0.


Internal statistics:

num_allocs_failed_limit: 0.
num_arena_births: 24.
num_arena_deaths: 0.
num_vsnodes_births: 2.
num_vsnodes_deaths: 0.
num_space_committed: 27.
num_space_uncommitted: 0.
num_chunks_returned_to_freelist: 0.
num_chunks_taken_from_freelist: 52.
num_chunk_merges: 0.
num_chunk_splits: 28.
num_chunks_enlarged: 20.
num_inconsistent_stats: 0.

CodeHeap 'non-profiled nmethods': size=120000Kb used=145Kb max_used=145Kb free=119854Kb
 bounds [0x000001d111db0000, 0x000001d112020000, 0x000001d1192e0000]
CodeHeap 'profiled nmethods': size=120000Kb used=639Kb max_used=639Kb free=119360Kb
 bounds [0x000001d10a2e0000, 0x000001d10a550000, 0x000001d111810000]
CodeHeap 'non-nmethods': size=5760Kb used=1427Kb max_used=1442Kb free=4332Kb
 bounds [0x000001d111810000, 0x000001d111a80000, 0x000001d111db0000]
 total_blobs=856 nmethods=436 adapters=325
 compilation: enabled
              stopped_count=0, restarted_count=0
 full_count=0

Compilation events (20 events):
Event: 0.545 Thread 0x000001d15d154000  418       3       java.util.LinkedHashMap$Entry::<init> (10 bytes)
Event: 0.545 Thread 0x000001d15d154000 nmethod 418 0x000001d10a37b890 code [0x000001d10a37ba40, 0x000001d10a37bd18]
Event: 0.545 Thread 0x000001d15d154000  419       3       java.util.regex.Pattern::compile (10 bytes)
Event: 0.545 Thread 0x000001d15d154000 nmethod 419 0x000001d10a37be10 code [0x000001d10a37bfc0, 0x000001d10a37c160]
Event: 0.545 Thread 0x000001d15d154000  420   !   3       java.util.regex.Pattern::<init> (144 bytes)
Event: 0.546 Thread 0x000001d15d154000 nmethod 420 0x000001d10a37c210 code [0x000001d10a37c520, 0x000001d10a37d590]
Event: 0.546 Thread 0x000001d15d154000  421       3       java.util.regex.Pattern$CharPropertyGreedy::<init> (18 bytes)
Event: 0.546 Thread 0x000001d15d154000 nmethod 421 0x000001d10a37db10 code [0x000001d10a37dcc0, 0x000001d10a37df60]
Event: 0.547 Thread 0x000001d15d154000  422       3       java.util.ArrayList$Itr::next (66 bytes)
Event: 0.547 Thread 0x000001d15d1501e0  424 %     4       java.lang.StringLatin1::toLowerCase @ 117 (186 bytes)
Event: 0.547 Thread 0x000001d15d154000 nmethod 422 0x000001d10a37e090 code [0x000001d10a37e280, 0x000001d10a37e650]
Event: 0.547 Thread 0x000001d15d154000  423       3       java.util.ArrayList$Itr::checkForComodification (23 bytes)
Event: 0.547 Thread 0x000001d15d154000 nmethod 423 0x000001d10a37e810 code [0x000001d10a37e9c0, 0x000001d10a37eb90]
Event: 0.547 Thread 0x000001d15d154000  425       3       java.util.LinkedHashMap::get (29 bytes)
Event: 0.547 Thread 0x000001d15d154000 nmethod 425 0x000001d10a37ec90 code [0x000001d10a37ee60, 0x000001d10a37f0b0]
Event: 0.547 Thread 0x000001d15d154000  427       3       java.util.LinkedHashMap$LinkedKeyIterator::next (8 bytes)
Event: 0.547 Thread 0x000001d15d154000 nmethod 427 0x000001d10a37f190 code [0x000001d10a37f340, 0x000001d10a37f498]
Event: 0.547 Thread 0x000001d15d154000  429       3       java.io.File::hashCode (8 bytes)
Event: 0.548 Thread 0x000001d15d154000 nmethod 429 0x000001d10a37f590 code [0x000001d10a37f780, 0x000001d10a37fb60]
Event: 0.548 Thread 0x000001d15d154000  431       3       java.util.regex.Pattern::escape (1310 bytes)

GC Heap History (0 events):
No events

Dll operation events (5 events):
Event: 0.038 Loaded shared library C:\Program Files\Java\jdk-21.0.10\bin\java.dll
Event: 0.133 Loaded shared library C:\Program Files\Java\jdk-21.0.10\bin\jsvml.dll
Event: 0.180 Loaded shared library C:\Program Files\Java\jdk-21.0.10\bin\net.dll
Event: 0.187 Loaded shared library C:\Program Files\Java\jdk-21.0.10\bin\nio.dll
Event: 0.195 Loaded shared library C:\Program Files\Java\jdk-21.0.10\bin\zip.dll

Deoptimization events (20 events):
Event: 0.518 Thread 0x000001d17fbf5f90 DEOPT PACKING pc=0x000001d10a30f083 sp=0x000000cfc47fec70
Event: 0.518 Thread 0x000001d17fbf5f90 DEOPT UNPACKING pc=0x000001d1118688e2 sp=0x000000cfc47fe0e0 mode 0
Event: 0.519 Thread 0x000001d17fbf5f90 DEOPT PACKING pc=0x000001d10a30f083 sp=0x000000cfc47fec70
Event: 0.519 Thread 0x000001d17fbf5f90 DEOPT UNPACKING pc=0x000001d1118688e2 sp=0x000000cfc47fe0e0 mode 0
Event: 0.520 Thread 0x000001d17fbf5f90 DEOPT PACKING pc=0x000001d10a30f083 sp=0x000000cfc47fec70
Event: 0.520 Thread 0x000001d17fbf5f90 DEOPT UNPACKING pc=0x000001d1118688e2 sp=0x000000cfc47fe0e0 mode 0
Event: 0.520 Thread 0x000001d17fbf5f90 DEOPT PACKING pc=0x000001d10a30f083 sp=0x000000cfc47fec70
Event: 0.520 Thread 0x000001d17fbf5f90 DEOPT UNPACKING pc=0x000001d1118688e2 sp=0x000000cfc47fe0e0 mode 0
Event: 0.523 Thread 0x000001d17fbf5f90 DEOPT PACKING pc=0x000001d10a30f083 sp=0x000000cfc47fecd0
Event: 0.523 Thread 0x000001d17fbf5f90 DEOPT UNPACKING pc=0x000001d1118688e2 sp=0x000000cfc47fe140 mode 0
Event: 0.523 Thread 0x000001d17fbf5f90 DEOPT PACKING pc=0x000001d10a34cf49 sp=0x000000cfc47fecb0
Event: 0.523 Thread 0x000001d17fbf5f90 DEOPT UNPACKING pc=0x000001d1118688e2 sp=0x000000cfc47fe128 mode 0
Event: 0.523 Thread 0x000001d17fbf5f90 DEOPT PACKING pc=0x000001d10a30f083 sp=0x000000cfc47fecd0
Event: 0.523 Thread 0x000001d17fbf5f90 DEOPT UNPACKING pc=0x000001d1118688e2 sp=0x000000cfc47fe140 mode 0
Event: 0.523 Thread 0x000001d17fbf5f90 DEOPT PACKING pc=0x000001d10a34cf49 sp=0x000000cfc47fecb0
Event: 0.523 Thread 0x000001d17fbf5f90 DEOPT UNPACKING pc=0x000001d1118688e2 sp=0x000000cfc47fe128 mode 0
Event: 0.524 Thread 0x000001d17fbf5f90 DEOPT PACKING pc=0x000001d10a30f083 sp=0x000000cfc47fecd0
Event: 0.524 Thread 0x000001d17fbf5f90 DEOPT UNPACKING pc=0x000001d1118688e2 sp=0x000000cfc47fe140 mode 0
Event: 0.524 Thread 0x000001d17fbf5f90 DEOPT PACKING pc=0x000001d10a34cf49 sp=0x000000cfc47fecb0
Event: 0.524 Thread 0x000001d17fbf5f90 DEOPT UNPACKING pc=0x000001d1118688e2 sp=0x000000cfc47fe128 mode 0

Classes loaded (20 events):
Event: 0.428 Loading class java/io/FilePermission$1
Event: 0.428 Loading class jdk/internal/access/JavaIOFilePermissionAccess
Event: 0.428 Loading class jdk/internal/access/JavaIOFilePermissionAccess done
Event: 0.428 Loading class java/io/FilePermission$1 done
Event: 0.429 Loading class java/io/FilePermissionCollection
Event: 0.429 Loading class java/io/FilePermissionCollection done
Event: 0.429 Loading class java/util/Vector
Event: 0.430 Loading class java/util/Vector done
Event: 0.446 Loading class java/io/UncheckedIOException
Event: 0.446 Loading class java/io/UncheckedIOException done
Event: 0.453 Loading class java/net/MalformedURLException
Event: 0.454 Loading class java/net/MalformedURLException done
Event: 0.455 Loading class java/io/FileFilter
Event: 0.455 Loading class java/io/FileFilter done
Event: 0.504 Loading class java/lang/IndexOutOfBoundsException
Event: 0.504 Loading class java/lang/IndexOutOfBoundsException done
Event: 0.507 Loading class java/util/AbstractList$Itr
Event: 0.507 Loading class java/util/AbstractList$Itr done
Event: 0.521 Loading class java/lang/invoke/DirectMethodHandle$Special
Event: 0.522 Loading class java/lang/invoke/DirectMethodHandle$Special done

Classes unloaded (0 events):
No events

Classes redefined (0 events):
No events

Internal exceptions (3 events):
Event: 0.431 Thread 0x000001d17fbf5f90 Exception <a 'java/lang/NoSuchMethodError'{0x00000000ffc34810}: 'void java.lang.invoke.DirectMethodHandle$Holder.invokeStatic(java.lang.Object, java.lang.Object)'> (0x00000000ffc34810) 
thrown [s\open\src\hotspot\share\interpreter\linkResolver.cpp, line 773]
Event: 0.431 Thread 0x000001d17fbf5f90 Exception <a 'java/lang/NoSuchMethodError'{0x00000000ffc38208}: 'void java.lang.invoke.DirectMethodHandle$Holder.invokeSpecial(java.lang.Object, java.lang.Object, java.lang.Object)'> (0x00000000ffc38208) 
thrown [s\open\src\hotspot\share\interpreter\linkResolver.cpp, line 773]
Event: 0.448 Thread 0x000001d17fbf5f90 Exception <a 'java/lang/NoSuchMethodError'{0x00000000ffc8a700}: 'int java.lang.invoke.DirectMethodHandle$Holder.invokeStaticInit(java.lang.Object, java.lang.Object)'> (0x00000000ffc8a700) 
thrown [s\open\src\hotspot\share\interpreter\linkResolver.cpp, line 773]

ZGC Phase Switch (0 events):
No events

VM Operations (2 events):
Event: 0.198 Executing VM operation: HandshakeAllThreads (Deoptimize)
Event: 0.198 Executing VM operation: HandshakeAllThreads (Deoptimize) done

Events (11 events):
Event: 0.086 Thread 0x000001d17fbf5f90 Thread added: 0x000001d17fbf5f90
Event: 0.121 Thread 0x000001d15d145860 Thread added: 0x000001d15d145860
Event: 0.121 Thread 0x000001d15d146780 Thread added: 0x000001d15d146780
Event: 0.123 Thread 0x000001d15d148840 Thread added: 0x000001d15d148840
Event: 0.123 Thread 0x000001d15d14b3a0 Thread added: 0x000001d15d14b3a0
Event: 0.123 Thread 0x000001d15d14d520 Thread added: 0x000001d15d14d520
Event: 0.123 Thread 0x000001d15d14eba0 Thread added: 0x000001d15d14eba0
Event: 0.124 Thread 0x000001d15d1501e0 Thread added: 0x000001d15d1501e0
Event: 0.125 Thread 0x000001d15d154000 Thread added: 0x000001d15d154000
Event: 0.170 Thread 0x000001d15d3b2760 Thread added: 0x000001d15d3b2760
Event: 0.174 Thread 0x000001d15d3b53b0 Thread added: 0x000001d15d3b53b0


Dynamic libraries:
0x00007ff767cb0000 - 0x00007ff767cc0000 	C:\Program Files\Java\jdk-21.0.10\bin\java.exe
0x00007ffed5230000 - 0x00007ffed5448000 	C:\WINDOWS\SYSTEM32\ntdll.dll
0x00007ffed4560000 - 0x00007ffed4624000 	C:\WINDOWS\System32\KERNEL32.DLL
0x00007ffed2ac0000 - 0x00007ffed2e93000 	C:\WINDOWS\System32\KERNELBASE.dll
0x00007ffed2340000 - 0x00007ffed2451000 	C:\WINDOWS\System32\ucrtbase.dll
0x00007ffec3fa0000 - 0x00007ffec3fbe000 	C:\Program Files\Java\jdk-21.0.10\bin\VCRUNTIME140.dll
0x00007ffeae9f0000 - 0x00007ffeaea09000 	C:\Program Files\Java\jdk-21.0.10\bin\jli.dll
0x00007ffed32f0000 - 0x00007ffed33a1000 	C:\WINDOWS\System32\ADVAPI32.dll
0x00007ffed50d0000 - 0x00007ffed5177000 	C:\WINDOWS\System32\msvcrt.dll
0x00007ffed4270000 - 0x00007ffed4318000 	C:\WINDOWS\System32\sechost.dll
0x00007ffed2ea0000 - 0x00007ffed2ec8000 	C:\WINDOWS\System32\bcrypt.dll
0x00007ffed3650000 - 0x00007ffed3768000 	C:\WINDOWS\System32\RPCRT4.dll
0x00007ffed43a0000 - 0x00007ffed4552000 	C:\WINDOWS\System32\USER32.dll
0x00007ffed2640000 - 0x00007ffed2666000 	C:\WINDOWS\System32\win32u.dll
0x00007ffed33b0000 - 0x00007ffed33d9000 	C:\WINDOWS\System32\GDI32.dll
0x00007ffed29a0000 - 0x00007ffed2abb000 	C:\WINDOWS\System32\gdi32full.dll
0x00007ffec30b0000 - 0x00007ffec334c000 	C:\WINDOWS\WinSxS\amd64_microsoft.windows.common-controls_6595b64144ccf1df_6.0.22621.6060_none_2712eda17382d24b\COMCTL32.dll
0x00007ffed24e0000 - 0x00007ffed257a000 	C:\WINDOWS\System32\msvcp_win.dll
0x00007ffed1cd0000 - 0x00007ffed1cda000 	C:\WINDOWS\SYSTEM32\VERSION.dll
0x00007ffed4110000 - 0x00007ffed4141000 	C:\WINDOWS\System32\IMM32.DLL
0x00000000587e0000 - 0x00000000587ed000 	C:\Program Files (x86)\360\Total Security\safemon\SafeWrapper.dll
0x00007ffecaa00000 - 0x00007ffecab05000 	C:\Program Files (x86)\360\Total Security\safemon\libzdtp64.dll
0x00007ffed3770000 - 0x00007ffed400c000 	C:\WINDOWS\System32\SHELL32.dll
0x00007ffed2860000 - 0x00007ffed299f000 	C:\WINDOWS\System32\wintypes.dll
0x00007ffed2f50000 - 0x00007ffed32e1000 	C:\WINDOWS\System32\combase.dll
0x00007ffed4cf0000 - 0x00007ffed4d59000 	C:\WINDOWS\System32\SHLWAPI.dll
0x00007ffecc270000 - 0x00007ffecc27c000 	C:\Program Files\Java\jdk-21.0.10\bin\vcruntime140_1.dll
0x00007ffeae960000 - 0x00007ffeae9ed000 	C:\Program Files\Java\jdk-21.0.10\bin\msvcp140.dll
0x00007ffe1cf90000 - 0x00007ffe1dcb7000 	C:\Program Files\Java\jdk-21.0.10\bin\server\jvm.dll
0x00007ffed4c50000 - 0x00007ffed4cc1000 	C:\WINDOWS\System32\WS2_32.dll
0x00007ffed2220000 - 0x00007ffed226d000 	C:\WINDOWS\SYSTEM32\POWRPROF.dll
0x00007ffecc130000 - 0x00007ffecc164000 	C:\WINDOWS\SYSTEM32\WINMM.dll
0x00007ffed2200000 - 0x00007ffed2213000 	C:\WINDOWS\SYSTEM32\UMPDC.dll
0x00007ffed12b0000 - 0x00007ffed12c8000 	C:\WINDOWS\SYSTEM32\kernel.appcore.dll
0x00007ffec3f90000 - 0x00007ffec3f9a000 	C:\Program Files\Java\jdk-21.0.10\bin\jimage.dll
0x00007ffecb5b0000 - 0x00007ffecb7e3000 	C:\WINDOWS\SYSTEM32\DBGHELP.DLL
0x00007ffed4030000 - 0x00007ffed4108000 	C:\WINDOWS\System32\OLEAUT32.dll
0x00007ffeadfd0000 - 0x00007ffeae002000 	C:\WINDOWS\SYSTEM32\dbgcore.DLL
0x00007ffed27e0000 - 0x00007ffed285b000 	C:\WINDOWS\System32\bcryptPrimitives.dll
0x00007ffeae010000 - 0x00007ffeae031000 	C:\Program Files\Java\jdk-21.0.10\bin\java.dll
0x00007ffed01d0000 - 0x00007ffed0aea000 	C:\WINDOWS\SYSTEM32\windows.storage.dll
0x00007ffed4ab0000 - 0x00007ffed4bb4000 	C:\WINDOWS\System32\SHCORE.dll
0x00007ffed2270000 - 0x00007ffed2295000 	C:\WINDOWS\SYSTEM32\profapi.dll
0x00007ffe8ee50000 - 0x00007ffe8ef27000 	C:\Program Files\Java\jdk-21.0.10\bin\jsvml.dll
0x00007ffeae6e0000 - 0x00007ffeae6f1000 	C:\Program Files\Java\jdk-21.0.10\bin\net.dll
0x00007ffecefa0000 - 0x00007ffecf0cc000 	C:\WINDOWS\SYSTEM32\WINHTTP.dll
0x00007ffed1790000 - 0x00007ffed17f9000 	C:\WINDOWS\system32\mswsock.dll
0x00007ffead8b0000 - 0x00007ffead8c6000 	C:\Program Files\Java\jdk-21.0.10\bin\nio.dll
0x00007ffead890000 - 0x00007ffead8a8000 	C:\Program Files\Java\jdk-21.0.10\bin\zip.dll

dbghelp: loaded successfully - version: 4.0.5 - missing functions: none
symbol engine: initialized successfully - sym options: 0x614 - pdb path: .;C:\Program Files\Java\jdk-21.0.10\bin;C:\WINDOWS\SYSTEM32;C:\WINDOWS\WinSxS\amd64_microsoft.windows.common-controls_6595b64144ccf1df_6.0.22621.6060_none_2712eda17382d24b;C:\Program Files (x86)\360\Total Security\safemon;C:\Program Files\Java\jdk-21.0.10\bin\server

VM Arguments:
jvm_args: -Xmx64m -Xms64m -Dorg.gradle.appname=gradlew 
java_command: D:\Phong\AutomationTest\MusicDownloader_Flutter-V2\\gradle\wrapper\gradle-wrapper.jar --stop
java_class_path (initial): D:\Phong\AutomationTest\MusicDownloader_Flutter-V2\\gradle\wrapper\gradle-wrapper.jar
Launcher Type: SUN_STANDARD

[Global flags]
     intx CICompilerCount                          = 4                                         {product} {ergonomic}
     uint ConcGCThreads                            = 2                                         {product} {ergonomic}
     uint G1ConcRefinementThreads                  = 8                                         {product} {ergonomic}
   size_t G1HeapRegionSize                         = 1048576                                   {product} {ergonomic}
    uintx GCDrainStackTargetSize                   = 64                                        {product} {ergonomic}
   size_t InitialHeapSize                          = 67108864                                  {product} {command line}
   size_t MarkStackSize                            = 4194304                                   {product} {ergonomic}
   size_t MaxHeapSize                              = 67108864                                  {product} {command line}
   size_t MaxNewSize                               = 39845888                                  {product} {ergonomic}
   size_t MinHeapDeltaBytes                        = 1048576                                   {product} {ergonomic}
   size_t MinHeapSize                              = 67108864                                  {product} {command line}
    uintx NonNMethodCodeHeapSize                   = 5839372                                {pd product} {ergonomic}
    uintx NonProfiledCodeHeapSize                  = 122909434                              {pd product} {ergonomic}
    uintx ProfiledCodeHeapSize                     = 122909434                              {pd product} {ergonomic}
    uintx ReservedCodeCacheSize                    = 251658240                              {pd product} {ergonomic}
     bool SegmentedCodeCache                       = true                                      {product} {ergonomic}
   size_t SoftMaxHeapSize                          = 67108864                               {manageable} {ergonomic}
     bool UseCompressedOops                        = true                           {product lp64_product} {ergonomic}
     bool UseG1GC                                  = true                                      {product} {ergonomic}
     bool UseLargePagesIndividualAllocation        = false                                  {pd product} {ergonomic}

Logging:
Log output configuration:
 #0: stdout all=warning uptime,level,tags foldmultilines=false
 #1: stderr all=off uptime,level,tags foldmultilines=false

Environment Variables:
JAVA_HOME=C:\Program Files\Java\jdk-21.0.10
PATH=C:\Program Files\Java\jdk-21.0.10\bin;C:\Program Files\Common Files\Oracle\Java\javapath;C:\WINDOWS\system32;C:\WINDOWS;C:\WINDOWS\System32\Wbem;C:\WINDOWS\System32\WindowsPowerShell\v1.0\;C:\WINDOWS\System32\OpenSSH\;C:\php-8.3.12;C:\Program Files\Git\cmd;C:\Program Files\dotnet\;C:\Program Files\nodejs\;D:\Android\Sdk\platform-tools;D:\Android\Sdk\emulator;D:\Android\Sdk\cmdline-tools\latest\bin;;D:\Android\Sdk\platform-tools;D:\Android\Sdk\emulator;C:\Program Files\Java\jdk-21.0.10\bin;C:\Program Files\Common Files\Oracle\Java\javapath;C:\WINDOWS\system32;C:\WINDOWS;C:\WINDOWS\System32\Wbem;C:\WINDOWS\System32\WindowsPowerShell\v1.0\;C:\WINDOWS\System32\OpenSSH\;C:\php-8.3.12;C:\Program Files\Git\cmd;C:\Program Files\dotnet\;C:\Program Files\nodejs\;D:\Android\Sdk\platform-tools;D:\Android\Sdk\emulator;D:\Android\Sdk\cmdline-tools\latest\bin;;D:\Android\Sdk\platform-tools;D:\Android\Sdk\emulator;C:\Users\phong\AppData\Local\Programs\Python\Launcher\;C:\Users\phong\AppData\Local\Microsoft\WindowsApps;C:\Users\phong\AppData\Local\Programs\Microsoft VS Code\bin;C:\Users\phong\AppData\Roaming\npm;D:\npm-global
USERNAME=phong
OS=Windows_NT
PROCESSOR_IDENTIFIER=Intel64 Family 6 Model 140 Stepping 1, GenuineIntel
TMP=C:\Users\phong\AppData\Local\Temp
TEMP=C:\Users\phong\AppData\Local\Temp




Periodic native trim disabled

---------------  S Y S T E M  ---------------

OS:
 Windows 11 , 64 bit Build 22621 (10.0.22621.5415)
OS uptime: 0 days 17:33 hours

CPU: total 8 (initial active 8) (4 cores per cpu, 2 threads per core) family 6 model 140 stepping 1 microcode 0xbe, cx8, cmov, fxsr, ht, mmx, 3dnowpref, sse, sse2, sse3, ssse3, sse4.1, sse4.2, popcnt, lzcnt, tsc, tscinvbit, avx, avx2, aes, erms, clmul, bmi1, bmi2, adx, avx512f, avx512dq, avx512cd, avx512bw, avx512vl, sha, fma, vzeroupper, avx512_vpopcntdq, avx512_vpclmulqdq, avx512_vaes, avx512_vnni, clflush, clflushopt, clwb, avx512_vbmi2, avx512_vbmi, rdtscp, rdpid, fsrm, gfni, avx512_bitalg, f16c, pku, cet_ibt, cet_ss, avx512_ifma
Processor Information for all 8 processors :
  Max Mhz: 2419, Current Mhz: 2419, Mhz Limit: 2419

Memory: 4k page, system-wide physical 7914M (274M free)
TotalPageFile size 17220M (AvailPageFile size 18M)
current process WorkingSet (physical memory assigned to process): 48M, peak: 48M
current process commit charge ("private bytes"): 146M, peak: 146M

vm_info: Java HotSpot(TM) 64-Bit Server VM (21.0.10+8-LTS-217) for windows-amd64 JRE (21.0.10+8-LTS-217), built on 2025-12-18T14:59:28Z by "mach5run" with MS VC++ 17.13 (VS2022)

END.
